#
# There is insufficient memory for the Java Runtime Environment to continue.
# Native memory allocation (malloc) failed to allocate 32744 bytes for ChunkPool::allocate
# Possible reasons:
#   The system is out of physical RAM or swap space
#   The process is running with CompressedOops enabled, and the Java Heap may be blocking the growth of the native heap
# Possible solutions:
#   Reduce memory load on the system
#   Increase physical memory or swap space
#   Check if swap backing store is full
#   Decrease Java heap size (-Xmx/-Xms)
#   Decrease number of Java threads
#   Decrease Java thread stack sizes (-Xss)
#   Set larger code cache with -XX:ReservedCodeCacheSize=
#   JVM is running with Unscaled Compressed Oops mode in which the Java heap is
#     placed in the first 4GB address space. The Java Heap base address is the
#     maximum limit for the native heap growth. Please use -XX:HeapBaseMinAddress
#     to set the Java Heap base and to place the Java Heap above 4GB virtual address.
# This output file may be truncated or incomplete.
#
#  Out of Memory Error (allocation.cpp:272), pid=14420, tid=0x0000000000002a50
#
# JRE version: OpenJDK Runtime Environment (8.0) (build 1.8.0-25-microsoft-b00)
# Java VM: OpenJDK 64-Bit Server VM (25.71-b00 mixed mode windows-amd64 compressed oops)
# Failed to write core dump. Minidumps are not enabled by default on client versions of Windows
#

---------------  T H R E A D  ---------------

Current thread (0x0000000015006800):  JavaThread "C1 CompilerThread2" daemon [_thread_in_native, id=10832, stack(0x0000000016840000,0x0000000016940000)]

Stack: [0x0000000016840000,0x0000000016940000]
[error occurred during error reporting (printing stack bounds), id 0xc0000005]

Native frames: (J=compiled Java code, j=interpreted, Vv=VM code, C=native code)


Current CompileTask:
C1:   2145 2073       3       com.android.tools.r8.t.a.a.f::a (5949 bytes)


---------------  P R O C E S S  ---------------

Java Threads: ( => current thread )
  0x0000000016f83000 JavaThread "ForkJoinPool-1-worker-0" daemon [_thread_blocked, id=12632, stack(0x0000000017840000,0x0000000017940000)]
  0x0000000016f74000 JavaThread "ForkJoinPool-1-worker-1" daemon [_thread_blocked, id=9916, stack(0x0000000017740000,0x0000000017840000)]
  0x0000000016969800 JavaThread "Service Thread" daemon [_thread_blocked, id=15436, stack(0x0000000016d40000,0x0000000016e40000)]
=>0x0000000015006800 JavaThread "C1 CompilerThread2" daemon [_thread_in_native, id=10832, stack(0x0000000016840000,0x0000000016940000)]
  0x0000000014ffe000 JavaThread "C2 CompilerThread1" daemon [_thread_in_native, id=4084, stack(0x0000000016740000,0x0000000016840000)]
  0x000000001500e000 JavaThread "C2 CompilerThread0" daemon [_thread_in_native, id=14532, stack(0x0000000016640000,0x0000000016740000)]
  0x000000001500c800 JavaThread "Attach Listener" daemon [_thread_blocked, id=14984, stack(0x0000000016540000,0x0000000016640000)]
  0x000000001500b000 JavaThread "Signal Dispatcher" daemon [_thread_blocked, id=14932, stack(0x0000000016440000,0x0000000016540000)]
  0x000000000292c000 JavaThread "Finalizer" daemon [_thread_blocked, id=2680, stack(0x0000000016250000,0x0000000016350000)]
  0x0000000002922000 JavaThread "Reference Handler" daemon [_thread_blocked, id=992, stack(0x0000000016150000,0x0000000016250000)]
  0x000000000272e800 JavaThread "main" [_thread_blocked, id=13060, stack(0x0000000002730000,0x0000000002830000)]

Other Threads:
  0x0000000014fc5800 VMThread [stack: 0x0000000016050000,0x0000000016150000] [id=16076]
  0x000000001696d000 WatcherThread [stack: 0x0000000016e40000,0x0000000016f40000] [id=8760]

VM state:at safepoint (normal execution)

VM Mutex/Monitor currently owned by a thread:  ([mutex/lock_event])
[0x00000000028302d0] Threads_lock - owner thread: 0x0000000014fc5800
[0x00000000028309d0] Heap_lock - owner thread: 0x0000000016f83000
[0x0000000002832460] MethodData_lock - owner thread: 0x0000000016f74000

heap address: 0x00000000c0000000, size: 1024 MB, Compressed Oops mode: 32-bit
Narrow klass base: 0x0000000000000000, Narrow klass shift: 3
Compressed class space size: 1073741824 Address: 0x0000000100000000

Heap:
 PSYoungGen      total 90112K, used 6197K [0x00000000eab00000, 0x00000000f5b00000, 0x0000000100000000)
  eden space 66560K, 0% used [0x00000000eab00000,0x00000000eab00000,0x00000000eec00000)
  from space 23552K, 26% used [0x00000000f4400000,0x00000000f4a0d410,0x00000000f5b00000)
  to   space 5120K, 0% used [0x00000000eec00000,0x00000000eec00000,0x00000000ef100000)
 ParOldGen       total 87552K, used 47906K [0x00000000c0000000, 0x00000000c5580000, 0x00000000eab00000)
  object space 87552K, 54% used [0x00000000c0000000,0x00000000c2ec8968,0x00000000c5580000)
 Metaspace       used 12688K, capacity 13248K, committed 13312K, reserved 1067008K
  class space    used 1581K, capacity 1748K, committed 1792K, reserved 1048576K

Card table byte_map: [0x0000000011cf0000,0x0000000011f00000] byte_map_base: 0x00000000116f0000

Marking Bits: (ParMarkBitMap*) 0x00000000600e8f30
 Begin Bits: [0x0000000012460000, 0x0000000013460000)
 End Bits:   [0x0000000013460000, 0x0000000014460000)

Polling page: 0x0000000002610000

CodeCache: size=245760Kb used=6577Kb max_used=6589Kb free=239182Kb
 bounds [0x0000000002930000, 0x0000000002fb0000, 0x0000000011930000]
 total_blobs=2407 nmethods=2064 adapters=256
 compilation: enabled

Compilation events (10 events):
Event: 2.068 Thread 0x0000000015006800 2070       3       com.android.tools.r8.m.a.a.b.d0::hashCode (44 bytes)
Event: 2.068 Thread 0x0000000015006800 nmethod 2070 0x0000000002f96350 code [0x0000000002f964e0, 0x0000000002f96948]
Event: 2.068 Thread 0x0000000015006800 2071       3       java.util.ArrayDeque::size (18 bytes)
Event: 2.069 Thread 0x0000000015006800 nmethod 2071 0x0000000002f95fd0 code [0x0000000002f96120, 0x0000000002f96290]
Event: 2.069 Thread 0x0000000015006800 2072       3       com.android.tools.r8.t.a.a.s::a (63 bytes)
Event: 2.070 Thread 0x0000000015006800 nmethod 2072 0x0000000002f95690 code [0x0000000002f95840, 0x0000000002f95dc8]
Event: 2.070 Thread 0x0000000015006800 2073       3       com.android.tools.r8.t.a.a.f::a (5949 bytes)
Event: 2.080 Thread 0x000000001500e000 2090       4       com.android.tools.r8.utils.u::a (46 bytes)
Event: 2.087 Thread 0x000000001500e000 nmethod 2090 0x0000000002f94dd0 code [0x0000000002f94f20, 0x0000000002f95338]
Event: 2.087 Thread 0x000000001500e000 2091   !   4       java.util.concurrent.ConcurrentHashMap::computeIfAbsent (493 bytes)

GC Heap History (10 events):
Event: 0.804 GC heap before
{Heap before GC invocations=1 (full 0):
 PSYoungGen      total 38400K, used 33280K [0x00000000eab00000, 0x00000000ed580000, 0x0000000100000000)
  eden space 33280K, 100% used [0x00000000eab00000,0x00000000ecb80000,0x00000000ecb80000)
  from space 5120K, 0% used [0x00000000ed080000,0x00000000ed080000,0x00000000ed580000)
  to   space 5120K, 0% used [0x00000000ecb80000,0x00000000ecb80000,0x00000000ed080000)
 ParOldGen       total 87552K, used 0K [0x00000000c0000000, 0x00000000c5580000, 0x00000000eab00000)
  object space 87552K, 0% used [0x00000000c0000000,0x00000000c0000000,0x00000000c5580000)
 Metaspace       used 7546K, capacity 7736K, committed 7936K, reserved 1056768K
  class space    used 846K, capacity 914K, committed 1024K, reserved 1048576K
Event: 0.813 GC heap after
Heap after GC invocations=1 (full 0):
 PSYoungGen      total 38400K, used 5109K [0x00000000eab00000, 0x00000000ed580000, 0x0000000100000000)
  eden space 33280K, 0% used [0x00000000eab00000,0x00000000eab00000,0x00000000ecb80000)
  from space 5120K, 99% used [0x00000000ecb80000,0x00000000ed07d740,0x00000000ed080000)
  to   space 5120K, 0% used [0x00000000ed080000,0x00000000ed080000,0x00000000ed580000)
 ParOldGen       total 87552K, used 1077K [0x00000000c0000000, 0x00000000c5580000, 0x00000000eab00000)
  object space 87552K, 1% used [0x00000000c0000000,0x00000000c010d628,0x00000000c5580000)
 Metaspace       used 7546K, capacity 7736K, committed 7936K, reserved 1056768K
  class space    used 846K, capacity 914K, committed 1024K, reserved 1048576K
}
Event: 0.911 GC heap before
{Heap before GC invocations=2 (full 0):
 PSYoungGen      total 38400K, used 38389K [0x00000000eab00000, 0x00000000ed580000, 0x0000000100000000)
  eden space 33280K, 100% used [0x00000000eab00000,0x00000000ecb80000,0x00000000ecb80000)
  from space 5120K, 99% used [0x00000000ecb80000,0x00000000ed07d740,0x00000000ed080000)
  to   space 5120K, 0% used [0x00000000ed080000,0x00000000ed080000,0x00000000ed580000)
 ParOldGen       total 87552K, used 1077K [0x00000000c0000000, 0x00000000c5580000, 0x00000000eab00000)
  object space 87552K, 1% used [0x00000000c0000000,0x00000000c010d628,0x00000000c5580000)
 Metaspace       used 7566K, capacity 7736K, committed 7936K, reserved 1056768K
  class space    used 846K, capacity 914K, committed 1024K, reserved 1048576K
Event: 0.923 GC heap after
Heap after GC invocations=2 (full 0):
 PSYoungGen      total 38400K, used 5117K [0x00000000eab00000, 0x00000000ef600000, 0x0000000100000000)
  eden space 33280K, 0% used [0x00000000eab00000,0x00000000eab00000,0x00000000ecb80000)
  from space 5120K, 99% used [0x00000000ed080000,0x00000000ed57f460,0x00000000ed580000)
  to   space 5120K, 0% used [0x00000000ecb80000,0x00000000ecb80000,0x00000000ed080000)
 ParOldGen       total 87552K, used 13415K [0x00000000c0000000, 0x00000000c5580000, 0x00000000eab00000)
  object space 87552K, 15% used [0x00000000c0000000,0x00000000c0d19d48,0x00000000c5580000)
 Metaspace       used 7566K, capacity 7736K, committed 7936K, reserved 1056768K
  class space    used 846K, capacity 914K, committed 1024K, reserved 1048576K
}
Event: 1.147 GC heap before
{Heap before GC invocations=3 (full 0):
 PSYoungGen      total 38400K, used 38397K [0x00000000eab00000, 0x00000000ef600000, 0x0000000100000000)
  eden space 33280K, 100% used [0x00000000eab00000,0x00000000ecb80000,0x00000000ecb80000)
  from space 5120K, 99% used [0x00000000ed080000,0x00000000ed57f460,0x00000000ed580000)
  to   space 5120K, 0% used [0x00000000ecb80000,0x00000000ecb80000,0x00000000ed080000)
 ParOldGen       total 87552K, used 13415K [0x00000000c0000000, 0x00000000c5580000, 0x00000000eab00000)
  object space 87552K, 15% used [0x00000000c0000000,0x00000000c0d19d48,0x00000000c5580000)
 Metaspace       used 8552K, capacity 8836K, committed 9088K, reserved 1056768K
  class space    used 946K, capacity 1036K, committed 1152K, reserved 1048576K
Event: 1.160 GC heap after
Heap after GC invocations=3 (full 0):
 PSYoungGen      total 38400K, used 5114K [0x00000000eab00000, 0x00000000ef600000, 0x0000000100000000)
  eden space 33280K, 0% used [0x00000000eab00000,0x00000000eab00000,0x00000000ecb80000)
  from space 5120K, 99% used [0x00000000ecb80000,0x00000000ed07eb68,0x00000000ed080000)
  to   space 5120K, 0% used [0x00000000ef100000,0x00000000ef100000,0x00000000ef600000)
 ParOldGen       total 87552K, used 24379K [0x00000000c0000000, 0x00000000c5580000, 0x00000000eab00000)
  object space 87552K, 27% used [0x00000000c0000000,0x00000000c17cec80,0x00000000c5580000)
 Metaspace       used 8552K, capacity 8836K, committed 9088K, reserved 1056768K
  class space    used 946K, capacity 1036K, committed 1152K, reserved 1048576K
}
Event: 1.253 GC heap before
{Heap before GC invocations=4 (full 0):
 PSYoungGen      total 38400K, used 38365K [0x00000000eab00000, 0x00000000ef600000, 0x0000000100000000)
  eden space 33280K, 99% used [0x00000000eab00000,0x00000000ecb78c18,0x00000000ecb80000)
  from space 5120K, 99% used [0x00000000ecb80000,0x00000000ed07eb68,0x00000000ed080000)
  to   space 5120K, 0% used [0x00000000ef100000,0x00000000ef100000,0x00000000ef600000)
 ParOldGen       total 87552K, used 24379K [0x00000000c0000000, 0x00000000c5580000, 0x00000000eab00000)
  object space 87552K, 27% used [0x00000000c0000000,0x00000000c17cec80,0x00000000c5580000)
 Metaspace       used 8631K, capacity 8920K, committed 9088K, reserved 1056768K
  class space    used 949K, capacity 1038K, committed 1152K, reserved 1048576K
Event: 1.268 GC heap after
Heap after GC invocations=4 (full 0):
 PSYoungGen      total 71680K, used 5098K [0x00000000eab00000, 0x00000000ef600000, 0x0000000100000000)
  eden space 66560K, 0% used [0x00000000eab00000,0x00000000eab00000,0x00000000eec00000)
  from space 5120K, 99% used [0x00000000ef100000,0x00000000ef5fab68,0x00000000ef600000)
  to   space 5120K, 0% used [0x00000000eec00000,0x00000000eec00000,0x00000000ef100000)
 ParOldGen       total 87552K, used 32918K [0x00000000c0000000, 0x00000000c5580000, 0x00000000eab00000)
  object space 87552K, 37% used [0x00000000c0000000,0x00000000c2025840,0x00000000c5580000)
 Metaspace       used 8631K, capacity 8920K, committed 9088K, reserved 1056768K
  class space    used 949K, capacity 1038K, committed 1152K, reserved 1048576K
}
Event: 1.821 GC heap before
{Heap before GC invocations=5 (full 0):
 PSYoungGen      total 71680K, used 71658K [0x00000000eab00000, 0x00000000ef600000, 0x0000000100000000)
  eden space 66560K, 100% used [0x00000000eab00000,0x00000000eec00000,0x00000000eec00000)
  from space 5120K, 99% used [0x00000000ef100000,0x00000000ef5fab68,0x00000000ef600000)
  to   space 5120K, 0% used [0x00000000eec00000,0x00000000eec00000,0x00000000ef100000)
 ParOldGen       total 87552K, used 32918K [0x00000000c0000000, 0x00000000c5580000, 0x00000000eab00000)
  object space 87552K, 37% used [0x00000000c0000000,0x00000000c2025840,0x00000000c5580000)
 Metaspace       used 11900K, capacity 12450K, committed 12672K, reserved 1060864K
  class space    used 1497K, capacity 1643K, committed 1664K, reserved 1048576K
Event: 1.857 GC heap after
Heap after GC invocations=5 (full 0):
 PSYoungGen      total 71680K, used 5115K [0x00000000eab00000, 0x00000000f5b00000, 0x0000000100000000)
  eden space 66560K, 0% used [0x00000000eab00000,0x00000000eab00000,0x00000000eec00000)
  from space 5120K, 99% used [0x00000000eec00000,0x00000000ef0fedd0,0x00000000ef100000)
  to   space 23552K, 0% used [0x00000000f4400000,0x00000000f4400000,0x00000000f5b00000)
 ParOldGen       total 87552K, used 47898K [0x00000000c0000000, 0x00000000c5580000, 0x00000000eab00000)
  object space 87552K, 54% used [0x00000000c0000000,0x00000000c2ec6968,0x00000000c5580000)
 Metaspace       used 11900K, capacity 12450K, committed 12672K, reserved 1060864K
  class space    used 1497K, capacity 1643K, committed 1664K, reserved 1048576K
}

Deoptimization events (10 events):
Event: 1.649 Thread 0x0000000016f74000 Uncommon trap: reason=unstable_if action=reinterpret pc=0x0000000002b70038 method=java.util.HashMap.resize()[Ljava/util/HashMap$Node; @ 56
Event: 1.698 Thread 0x0000000016f83000 Uncommon trap: reason=unstable_if action=reinterpret pc=0x0000000002c77ad0 method=java.util.HashMap.putVal(ILjava/lang/Object;Ljava/lang/Object;ZZ)Ljava/lang/Object; @ 181
Event: 1.729 Thread 0x0000000016f74000 Uncommon trap: reason=speculate_class_check action=maybe_recompile pc=0x0000000002c7f0d0 method=java.util.HashMap.putVal(ILjava/lang/Object;Ljava/lang/Object;ZZ)Ljava/lang/Object; @ 56
Event: 1.729 Thread 0x0000000016f83000 Uncommon trap: reason=speculate_class_check action=maybe_recompile pc=0x0000000002c7f0d0 method=java.util.HashMap.putVal(ILjava/lang/Object;Ljava/lang/Object;ZZ)Ljava/lang/Object; @ 56
Event: 1.729 Thread 0x0000000016f83000 Uncommon trap: reason=speculate_class_check action=maybe_recompile pc=0x0000000002c7f0d0 method=java.util.HashMap.putVal(ILjava/lang/Object;Ljava/lang/Object;ZZ)Ljava/lang/Object; @ 56
Event: 1.729 Thread 0x0000000016f74000 Uncommon trap: reason=speculate_class_check action=maybe_recompile pc=0x0000000002c7f0d0 method=java.util.HashMap.putVal(ILjava/lang/Object;Ljava/lang/Object;ZZ)Ljava/lang/Object; @ 56
Event: 1.791 Thread 0x0000000016f74000 Uncommon trap: reason=unstable_if action=reinterpret pc=0x0000000002d57788 method=java.util.Arrays.hashCode([Ljava/lang/Object;)I @ 34
Event: 1.808 Thread 0x0000000016f83000 Uncommon trap: reason=unstable_if action=reinterpret pc=0x0000000002da2300 method=com.android.tools.r8.t.a.a.B.b()Ljava/lang/String; @ 34
Event: 1.819 Thread 0x0000000016f83000 Uncommon trap: reason=unstable_if action=reinterpret pc=0x0000000002d9bbc4 method=com.android.tools.r8.graph.A.c()V @ 30
Event: 1.885 Thread 0x0000000016f74000 Uncommon trap: reason=unstable_if action=reinterpret pc=0x0000000002a9f6ac method=java.util.HashMap.getNode(ILjava/lang/Object;)Ljava/util/HashMap$Node; @ 62

Classes redefined (0 events):
No events

Internal exceptions (10 events):
Event: 0.739 Thread 0x000000000272e800 Exception <a 'java/security/PrivilegedActionException'> (0x00000000ec3f7440) thrown at [D:\j\worksp~1\openjd~3\jdk8u\hotspot\src\share\vm\prims\jvm.cpp, line 1508]
Event: 0.766 Thread 0x000000000272e800 Implicit null exception at 0x0000000002b78b3c to 0x0000000002b794f1
Event: 0.793 Thread 0x000000000272e800 Implicit null exception at 0x0000000002b862bc to 0x0000000002b86c71
Event: 0.830 Thread 0x000000000272e800 Implicit null exception at 0x0000000002b76125 to 0x0000000002b76791
Event: 0.831 Thread 0x000000000272e800 Implicit null exception at 0x0000000002b7adf8 to 0x0000000002b7b2bd
Event: 1.627 Thread 0x0000000016f74000 Implicit null exception at 0x0000000002d75e7d to 0x0000000002d77179
Event: 1.729 Thread 0x0000000016f83000 Exception <a 'java/lang/NoSuchMethodError': java.lang.Object.lambda$comparingInt$7b0bb60$1(Ljava/util/function/ToIntFunction;Ljava/lang/Object;Ljava/lang/Object;)I> (0x00000000ee7fa008) thrown at [D:\j\worksp~1\openjd~3\jdk8u\hotspot\src\share\vm\interpre
Event: 1.730 Thread 0x0000000016f83000 Exception <a 'java/lang/NoSuchMethodError': java.lang.Object.lambda$maxBy$1(Ljava/util/Comparator;Ljava/lang/Object;Ljava/lang/Object;)Ljava/lang/Object;> (0x00000000ee805f80) thrown at [D:\j\worksp~1\openjd~3\jdk8u\hotspot\src\share\vm\interpreter\linkRe
Event: 1.731 Thread 0x0000000016f74000 Exception <a 'java/lang/NoSuchMethodError': java.lang.Object.lambda$maxBy$1(Ljava/util/Comparator;Ljava/lang/Object;Ljava/lang/Object;)Ljava/lang/Object;> (0x00000000ee84bf90) thrown at [D:\j\worksp~1\openjd~3\jdk8u\hotspot\src\share\vm\interpreter\linkRe
Event: 1.791 Thread 0x0000000016f74000 Implicit null exception at 0x0000000002d5752c to 0x0000000002d57769

Events (10 events):
Event: 2.022 Executing VM operation: ForceSafepoint
Event: 2.023 Executing VM operation: ForceSafepoint done
Event: 2.027 loading class com/android/tools/r8/m/a/a/a/x
Event: 2.027 loading class com/android/tools/r8/m/a/a/a/x done
Event: 2.072 loading class com/android/tools/r8/graph/DexDebugEvent$a
Event: 2.072 loading class com/android/tools/r8/graph/DexDebugEvent$a done
Event: 2.073 loading class com/android/tools/r8/graph/DexDebugEvent$a
Event: 2.073 loading class com/android/tools/r8/graph/DexDebugEvent$a done
Event: 2.079 loading class com/android/tools/r8/cf/code/CfSwitch
Event: 2.079 loading class com/android/tools/r8/cf/code/CfSwitch done


Dynamic libraries:
0x00007ff60f550000 - 0x00007ff60f585000 	C:\Program Files\Android\Jdk\microsoft_dist_openjdk_1.8.0.25\bin\java.exe
0x00007ffc09420000 - 0x00007ffc09601000 	C:\WINDOWS\SYSTEM32\ntdll.dll
0x00007ffc07a40000 - 0x00007ffc07af1000 	C:\WINDOWS\System32\KERNEL32.DLL
0x00007ffc05f70000 - 0x00007ffc061e3000 	C:\WINDOWS\System32\KERNELBASE.dll
0x00007ffc07230000 - 0x00007ffc072d1000 	C:\WINDOWS\System32\ADVAPI32.dll
0x00007ffc06aa0000 - 0x00007ffc06b3e000 	C:\WINDOWS\System32\msvcrt.dll
0x00007ffc06bb0000 - 0x00007ffc06c0b000 	C:\WINDOWS\System32\sechost.dll
0x00007ffc07910000 - 0x00007ffc07a34000 	C:\WINDOWS\System32\RPCRT4.dll
0x00007ffc091b0000 - 0x00007ffc09340000 	C:\WINDOWS\System32\USER32.dll
0x00007ffc06830000 - 0x00007ffc06850000 	C:\WINDOWS\System32\win32u.dll
0x00007ffc09340000 - 0x00007ffc09368000 	C:\WINDOWS\System32\GDI32.dll
0x00007ffc06690000 - 0x00007ffc06821000 	C:\WINDOWS\System32\gdi32full.dll
0x00007ffc061f0000 - 0x00007ffc0628f000 	C:\WINDOWS\System32\msvcp_win.dll
0x00007ffc06340000 - 0x00007ffc06438000 	C:\WINDOWS\System32\ucrtbase.dll
0x00007ffbf4ff0000 - 0x00007ffbf5259000 	C:\WINDOWS\WinSxS\amd64_microsoft.windows.common-controls_6595b64144ccf1df_6.0.17134.1304_none_d3fbe61b7c93d9f0\COMCTL32.dll
0x00007ffc06e50000 - 0x00007ffc07171000 	C:\WINDOWS\System32\combase.dll
0x00007ffc05ef0000 - 0x00007ffc05f69000 	C:\WINDOWS\System32\bcryptPrimitives.dll
0x00007ffc06d90000 - 0x00007ffc06dbd000 	C:\WINDOWS\System32\IMM32.DLL
0x0000000060170000 - 0x0000000060241000 	C:\Program Files\Android\Jdk\microsoft_dist_openjdk_1.8.0.25\jre\bin\msvcr100.dll
0x000000005f920000 - 0x0000000060165000 	C:\Program Files\Android\Jdk\microsoft_dist_openjdk_1.8.0.25\jre\bin\server\jvm.dll
0x00007ffc06e40000 - 0x00007ffc06e48000 	C:\WINDOWS\System32\PSAPI.DLL
0x00007ffbf1ed0000 - 0x00007ffbf1eda000 	C:\WINDOWS\SYSTEM32\VERSION.dll
0x00007ffc01f60000 - 0x00007ffc01f83000 	C:\WINDOWS\SYSTEM32\WINMM.dll
0x00007ffc03790000 - 0x00007ffc03799000 	C:\WINDOWS\SYSTEM32\WSOCK32.dll
0x00007ffc01f30000 - 0x00007ffc01f5a000 	C:\WINDOWS\SYSTEM32\WINMMBASE.dll
0x00007ffc06dc0000 - 0x00007ffc06e2c000 	C:\WINDOWS\System32\WS2_32.dll
0x00007ffc06850000 - 0x00007ffc06899000 	C:\WINDOWS\System32\cfgmgr32.dll
0x00007ffbf4f40000 - 0x00007ffbf4f4f000 	C:\Program Files\Android\Jdk\microsoft_dist_openjdk_1.8.0.25\jre\bin\verify.dll
0x00007ffbf4b80000 - 0x00007ffbf4ba9000 	C:\Program Files\Android\Jdk\microsoft_dist_openjdk_1.8.0.25\jre\bin\java.dll
0x00007ffbee130000 - 0x00007ffbee146000 	C:\Program Files\Android\Jdk\microsoft_dist_openjdk_1.8.0.25\jre\bin\zip.dll
0x00007ffc07c70000 - 0x00007ffc090b5000 	C:\WINDOWS\System32\SHELL32.dll
0x00007ffc07180000 - 0x00007ffc07229000 	C:\WINDOWS\System32\shcore.dll
0x00007ffc057e0000 - 0x00007ffc05ef0000 	C:\WINDOWS\System32\windows.storage.dll
0x00007ffc068a0000 - 0x00007ffc068f1000 	C:\WINDOWS\System32\shlwapi.dll
0x00007ffc057c0000 - 0x00007ffc057d1000 	C:\WINDOWS\System32\kernel.appcore.dll
0x00007ffc057a0000 - 0x00007ffc057bf000 	C:\WINDOWS\System32\profapi.dll
0x00007ffc05730000 - 0x00007ffc0577c000 	C:\WINDOWS\System32\powrprof.dll
0x00007ffc05720000 - 0x00007ffc0572a000 	C:\WINDOWS\System32\FLTLIB.DLL
0x00007ffbee110000 - 0x00007ffbee12a000 	C:\Program Files\Android\jdk\microsoft_dist_openjdk_1.8.0.25\jre\bin\net.dll
0x00007ffc04fa0000 - 0x00007ffc05006000 	C:\WINDOWS\system32\mswsock.dll
0x00007ffbeddb0000 - 0x00007ffbeddc1000 	C:\Program Files\Android\jdk\microsoft_dist_openjdk_1.8.0.25\jre\bin\nio.dll

VM Arguments:
jvm_args: -Xmx1G 
java_command: com.android.tools.r8.D8 --debug --min-api 21 --output obj\Debug\90\android\bin --lib C:\Program Files (x86)\Android\android-sdk\platforms\android-28\android.jar obj\Debug\90\android\bin\classes.zip C:\Program Files (x86)\Microsoft Visual Studio\2019\Professional\Common7\IDE\ReferenceAssemblies\Microsoft\Framework\MonoAndroid\v9.0\mono.android.jar C:\Program Files (x86)\Microsoft Visual Studio\2019\Professional\MSBuild\Xamarin\Android\java_runtime_fastdev.jar obj\Debug\90\lp\0\jl\formsviewgroup.jar obj\Debug\90\lp\1\jl\android.arch.core.common.jar obj\Debug\90\lp\10\jl\bin\classes.jar obj\Debug\90\lp\11\jl\com.android.support.collections.jar obj\Debug\90\lp\12\jl\bin\classes.jar obj\Debug\90\lp\13\jl\bin\classes.jar obj\Debug\90\lp\14\jl\bin\classes.jar obj\Debug\90\lp\15\jl\bin\classes.jar obj\Debug\90\lp\16\jl\bin\classes.jar obj\Debug\90\lp\17\jl\bin\classes.jar obj\Debug\90\lp\18\jl\bin\classes.jar obj\Debug\90\lp\19\jl\bin\classes.jar obj\Debug\90\lp\2\jl\bin\classes.jar obj\Debug\90\lp\20\jl\bin\classes.jar obj\Debug\90\lp\21\jl\bin\classes.jar obj\Debug\90\lp\22\jl\bin\classes.jar obj\Debug\90\lp\23\jl\bin\classes.jar obj\Debug\90\lp\24\jl\bin\classes.jar obj\Debug\90\lp\25\jl\bin\classes.jar obj\Debug\90\lp\26\jl\bin\classes.jar obj\Debug\90\lp\27\jl\bin\classes.jar obj\Debug\90\lp\28\jl\bin\classes.jar obj\Debug\90\lp\29\jl\bin\classes.jar obj\Debug\90\lp\3\jl\android.arch.lifecycle.common.jar obj\Debug\90\lp\30\jl\bin\classes.jar obj\Debug\90\lp\32\jl\bin\classes.jar obj\Debug\90\lp\33\jl\bin\classes.jar obj\Debug\90\lp\34\jl\bin\classes.jar obj\Debug\90\lp\35\jl\bin\classes.jar obj\Debug\90\lp\36\jl\bin\classes.jar obj\Debug\90\lp\37\jl\bin\classes.jar obj\Debug\90\lp\4\jl\bin\classes.jar obj\Debug\90\lp\5\jl\bin\classes.jar obj\Debug\90\lp\6\jl\bin\classes.jar obj\Debug\90\lp\7\jl\bin\classes.jar obj\Debug\90\lp\8\jl\bin\classes.jar obj\Debug\90\lp\9\jl\com.android.support.support-annotations.jar
java_class_path (initial): C:\Program Files (x86)\Microsoft Visual Studio\2019\Professional\MSBuild\Xamarin\Android\r8.jar
Launcher Type: SUN_STANDARD

Environment Variables:
PATH=C:\Program Files\Android\Jdk\microsoft_dist_openjdk_1.8.0.25\bin;C:\Program Files (x86)\Common Files\Intel\Shared Libraries\redist\intel64\compiler;C:\Program Files (x86)\Common Files\Intel\Shared Libraries\redist\ia32\compiler;C:\WINDOWS\system32;C:\WINDOWS;C:\WINDOWS\System32\Wbem;C:\WINDOWS\System32\WindowsPowerShell\v1.0\;C:\Program Files\Microsoft SQL Server\120\Tools\Binn\;C:\Program Files\Microsoft SQL Server\130\Tools\Binn\;C:\Program Files (x86)\Microsoft Emulator Manager\1.0\;C:\Program Files\Microsoft\Web Platform Installer\;C:\Program Files (x86)\Microsoft SQL Server\Client SDK\ODBC\130\Tools\Binn\;C:\Program Files (x86)\Microsoft SQL Server\130\Tools\Binn\;C:\Program Files (x86)\Microsoft SQL Server\130\DTS\Binn\;C:\Program Files (x86)\Microsoft SQL Server\130\Tools\Binn\ManagementStudio\;C:\Program Files (x86)\Microsoft ASP.NET\ASP.NET Web Pages\v1.0\;C:\Program Files\dotnet\;C:\Program Files\Microsoft Windows Performance Toolkit\;C:\WINDOWS\System32\OpenSSH\;C:\Program Files\nodejs\;C:\Program Files (x86)\Microsoft VS Code\bin;C:\Program Files\Git\cmd;C:\Program Files\Microsoft SQL Server\Client SDK\ODBC\170\Tools\Binn\;C:\Users\bpatil\AppData\Local\Microsoft\WindowsApps;C:\Users\bpatil\AppData\Local\Microsoft\WindowsApps;C:\Users\bpatil\AppData\Local\Programs\Fiddler;C:\Users\bpatil\AppData\Roaming\npm;C:\Users\bpatil\.dotnet\tools;C:\Users\bpatil\AppData\Local\GitHubDesktop\bin
USERNAME=bpatil
OS=Windows_NT
PROCESSOR_IDENTIFIER=Intel64 Family 6 Model 78 Stepping 3, GenuineIntel



---------------  S Y S T E M  ---------------

OS: Windows 10.0 , 64 bit Build 17134 (10.0.17134.753)

CPU:total 4 (initial active 4) (2 cores per cpu, 2 threads per core) family 6 model 78 stepping 3, cmov, cx8, fxsr, mmx, sse, sse2, sse3, ssse3, sse4.1, sse4.2, popcnt, avx, avx2, aes, clmul, erms, rtm, 3dnowpref, lzcnt, ht, tsc, tscinvbit, bmi1, bmi2, adx

Memory: 4k page, physical 8312112k(417980k free), swap 12506416k(4156k free)

vm_info: OpenJDK 64-Bit Server VM (25.71-b00) for windows-amd64 JRE (1.8.0-25-microsoft-b00), built on Feb  7 2019 20:09:14 by "builder" with MS VC++ 10.0 (VS2010)

time: Mon Apr 27 15:49:48 2020
timezone: AUS Eastern Standard Time
elapsed time: 2 seconds (0d 0h 0m 2s)

