#
# There is insufficient memory for the Java Runtime Environment to continue.
# Native memory allocation (malloc) failed to allocate 667376 bytes for Chunk::new
# Possible reasons:
#   The system is out of physical RAM or swap space
#   The process is running with CompressedOops enabled, and the Java Heap may be blocking the growth of the native heap
# Possible solutions:
#   Reduce memory load on the system
#   Increase physical memory or swap space
#   Check if swap backing store is full
#   Decrease Java heap size (-Xmx/-Xms)
#   Decrease number of Java threads
#   Decrease Java thread stack sizes (-Xss)
#   Set larger code cache with -XX:ReservedCodeCacheSize=
#   JVM is running with Unscaled Compressed Oops mode in which the Java heap is
#     placed in the first 4GB address space. The Java Heap base address is the
#     maximum limit for the native heap growth. Please use -XX:HeapBaseMinAddress
#     to set the Java Heap base and to place the Java Heap above 4GB virtual address.
# This output file may be truncated or incomplete.
#
#  Out of Memory Error (allocation.cpp:389), pid=6044, tid=0x0000000000001bd0
#
# JRE version: OpenJDK Runtime Environment (8.0) (build 1.8.0-25-microsoft-b00)
# Java VM: OpenJDK 64-Bit Server VM (25.71-b00 mixed mode windows-amd64 compressed oops)
# Failed to write core dump. Minidumps are not enabled by default on client versions of Windows
#

---------------  T H R E A D  ---------------

Current thread (0x0000000015261800):  JavaThread "C2 CompilerThread0" daemon [_thread_in_native, id=7120, stack(0x00000000168a0000,0x00000000169a0000)]

Stack: [0x00000000168a0000,0x00000000169a0000]
[error occurred during error reporting (printing stack bounds), id 0xc0000005]

Native frames: (J=compiled Java code, j=interpreted, Vv=VM code, C=native code)


Current CompileTask:
C2:  13791 4513       4       com.android.tools.r8.ir.optimize.CodeRewriter::a (438 bytes)


---------------  P R O C E S S  ---------------

Java Threads: ( => current thread )
  0x0000000017326000 JavaThread "ForkJoinPool-1-worker-0" daemon [_thread_in_vm, id=1060, stack(0x0000000017aa0000,0x0000000017ba0000)]
  0x0000000017323800 JavaThread "ForkJoinPool-1-worker-1" daemon [_thread_blocked, id=10260, stack(0x00000000179a0000,0x0000000017aa0000)]
  0x00000000152bd800 JavaThread "Service Thread" daemon [_thread_blocked, id=8628, stack(0x0000000016fa0000,0x00000000170a0000)]
  0x000000001526d000 JavaThread "C1 CompilerThread2" daemon [_thread_blocked, id=8908, stack(0x0000000016aa0000,0x0000000016ba0000)]
  0x0000000015265800 JavaThread "C2 CompilerThread1" daemon [_thread_in_native, id=11996, stack(0x00000000169a0000,0x0000000016aa0000)]
=>0x0000000015261800 JavaThread "C2 CompilerThread0" daemon [_thread_in_native, id=7120, stack(0x00000000168a0000,0x00000000169a0000)]
  0x0000000015260000 JavaThread "Attach Listener" daemon [_thread_blocked, id=3940, stack(0x00000000167a0000,0x00000000168a0000)]
  0x000000001525e800 JavaThread "Signal Dispatcher" daemon [_thread_blocked, id=9540, stack(0x00000000166a0000,0x00000000167a0000)]
  0x0000000002b8b800 JavaThread "Finalizer" daemon [_thread_blocked, id=12464, stack(0x00000000164b0000,0x00000000165b0000)]
  0x0000000015249000 JavaThread "Reference Handler" daemon [_thread_blocked, id=3172, stack(0x00000000163b0000,0x00000000164b0000)]
  0x0000000002a6e800 JavaThread "main" [_thread_blocked, id=14512, stack(0x0000000002890000,0x0000000002990000)]

Other Threads:
  0x0000000015225800 VMThread [stack: 0x00000000162b0000,0x00000000163b0000] [id=8360]
  0x00000000152be800 WatcherThread [stack: 0x00000000170a0000,0x00000000171a0000] [id=14380]

VM state:not at safepoint (normal execution)

VM Mutex/Monitor currently owned by a thread: None

heap address: 0x00000000c0000000, size: 1024 MB, Compressed Oops mode: 32-bit
Narrow klass base: 0x0000000000000000, Narrow klass shift: 3
Compressed class space size: 1073741824 Address: 0x0000000100000000

Heap:
 PSYoungGen      total 324096K, used 22980K [0x00000000eab00000, 0x0000000100000000, 0x0000000100000000)
  eden space 303104K, 1% used [0x00000000eab00000,0x00000000eae3c8a0,0x00000000fd300000)
  from space 20992K, 93% used [0x00000000feb80000,0x00000000ffeb4ae8,0x0000000100000000)
  to   space 23040K, 0% used [0x00000000fd300000,0x00000000fd300000,0x00000000fe980000)
 ParOldGen       total 102912K, used 66135K [0x00000000c0000000, 0x00000000c6480000, 0x00000000eab00000)
  object space 102912K, 64% used [0x00000000c0000000,0x00000000c4095c50,0x00000000c6480000)
 Metaspace       used 16556K, capacity 17408K, committed 17536K, reserved 1064960K
  class space    used 1928K, capacity 2096K, committed 2176K, reserved 1048576K

Card table byte_map: [0x0000000011f50000,0x0000000012160000] byte_map_base: 0x0000000011950000

Marking Bits: (ParMarkBitMap*) 0x00000000718d8f30
 Begin Bits: [0x00000000126c0000, 0x00000000136c0000)
 End Bits:   [0x00000000136c0000, 0x00000000146c0000)

Polling page: 0x00000000007f0000

CodeCache: size=245760Kb used=16329Kb max_used=16349Kb free=229430Kb
 bounds [0x0000000002b90000, 0x0000000003ba0000, 0x0000000011b90000]
 total_blobs=4892 nmethods=4539 adapters=265
 compilation: enabled

Compilation events (10 events):
Event: 13.783 Thread 0x000000001526d000 nmethod 5335 0x00000000036775d0 code [0x0000000003677740, 0x0000000003677918]
Event: 13.783 Thread 0x000000001526d000 5336       1       com.android.tools.r8.code.l::getOpcode (3 bytes)
Event: 13.783 Thread 0x000000001526d000 nmethod 5336 0x0000000003677310 code [0x0000000003677460, 0x0000000003677570]
Event: 13.783 Thread 0x000000001526d000 5337       1       com.android.tools.r8.code.ArrayLength::getOpcode (3 bytes)
Event: 13.783 Thread 0x000000001526d000 nmethod 5337 0x0000000003677050 code [0x00000000036771a0, 0x00000000036772b0]
Event: 13.784 Thread 0x000000001526d000 5338       1       com.android.tools.r8.code.t1::getOpcode (4 bytes)
Event: 13.784 Thread 0x000000001526d000 nmethod 5338 0x0000000003676d90 code [0x0000000003676ee0, 0x0000000003676ff0]
Event: 13.784 Thread 0x000000001526d000 5339       2       com.android.tools.r8.code.MoveException::a (10 bytes)
Event: 13.784 Thread 0x000000001526d000 nmethod 5339 0x00000000036769d0 code [0x0000000003676b40, 0x0000000003676ce8]
Event: 13.789 Thread 0x000000001526d000 5340       2       com.android.tools.r8.utils.LebUtils::putSleb128 (97 bytes)

GC Heap History (10 events):
Event: 8.577 GC heap before
{Heap before GC invocations=13 (full 1):
 PSYoungGen      total 326656K, used 305664K [0x00000000eab00000, 0x0000000100000000, 0x0000000100000000)
  eden space 305664K, 100% used [0x00000000eab00000,0x00000000fd580000,0x00000000fd580000)
  from space 20992K, 0% used [0x00000000fd580000,0x00000000fd580000,0x00000000fea00000)
  to   space 20992K, 0% used [0x00000000feb80000,0x00000000feb80000,0x0000000100000000)
 ParOldGen       total 102912K, used 37844K [0x00000000c0000000, 0x00000000c6480000, 0x00000000eab00000)
  object space 102912K, 36% used [0x00000000c0000000,0x00000000c24f51b0,0x00000000c6480000)
 Metaspace       used 15331K, capacity 16012K, committed 16128K, reserved 1062912K
  class space    used 1799K, capacity 1972K, committed 2048K, reserved 1048576K
Event: 8.600 GC heap after
Heap after GC invocations=13 (full 1):
 PSYoungGen      total 328192K, used 7552K [0x00000000eab00000, 0x0000000100000000, 0x0000000100000000)
  eden space 307200K, 0% used [0x00000000eab00000,0x00000000eab00000,0x00000000fd700000)
  from space 20992K, 35% used [0x00000000feb80000,0x00000000ff2e0000,0x0000000100000000)
  to   space 20992K, 0% used [0x00000000fd700000,0x00000000fd700000,0x00000000feb80000)
 ParOldGen       total 102912K, used 37844K [0x00000000c0000000, 0x00000000c6480000, 0x00000000eab00000)
  object space 102912K, 36% used [0x00000000c0000000,0x00000000c24f51b0,0x00000000c6480000)
 Metaspace       used 15331K, capacity 16012K, committed 16128K, reserved 1062912K
  class space    used 1799K, capacity 1972K, committed 2048K, reserved 1048576K
}
Event: 9.358 GC heap before
{Heap before GC invocations=14 (full 1):
 PSYoungGen      total 328192K, used 314752K [0x00000000eab00000, 0x0000000100000000, 0x0000000100000000)
  eden space 307200K, 100% used [0x00000000eab00000,0x00000000fd700000,0x00000000fd700000)
  from space 20992K, 35% used [0x00000000feb80000,0x00000000ff2e0000,0x0000000100000000)
  to   space 20992K, 0% used [0x00000000fd700000,0x00000000fd700000,0x00000000feb80000)
 ParOldGen       total 102912K, used 37844K [0x00000000c0000000, 0x00000000c6480000, 0x00000000eab00000)
  object space 102912K, 36% used [0x00000000c0000000,0x00000000c24f51b0,0x00000000c6480000)
 Metaspace       used 15355K, capacity 16024K, committed 16128K, reserved 1062912K
  class space    used 1801K, capacity 1974K, committed 2048K, reserved 1048576K
Event: 9.377 GC heap after
Heap after GC invocations=14 (full 1):
 PSYoungGen      total 328192K, used 6944K [0x00000000eab00000, 0x0000000100000000, 0x0000000100000000)
  eden space 307200K, 0% used [0x00000000eab00000,0x00000000eab00000,0x00000000fd700000)
  from space 20992K, 33% used [0x00000000fd700000,0x00000000fddc8000,0x00000000feb80000)
  to   space 20992K, 0% used [0x00000000feb80000,0x00000000feb80000,0x0000000100000000)
 ParOldGen       total 102912K, used 45274K [0x00000000c0000000, 0x00000000c6480000, 0x00000000eab00000)
  object space 102912K, 43% used [0x00000000c0000000,0x00000000c2c36a88,0x00000000c6480000)
 Metaspace       used 15355K, capacity 16024K, committed 16128K, reserved 1062912K
  class space    used 1801K, capacity 1974K, committed 2048K, reserved 1048576K
}
Event: 10.222 GC heap before
{Heap before GC invocations=15 (full 1):
 PSYoungGen      total 328192K, used 314144K [0x00000000eab00000, 0x0000000100000000, 0x0000000100000000)
  eden space 307200K, 100% used [0x00000000eab00000,0x00000000fd700000,0x00000000fd700000)
  from space 20992K, 33% used [0x00000000fd700000,0x00000000fddc8000,0x00000000feb80000)
  to   space 20992K, 0% used [0x00000000feb80000,0x00000000feb80000,0x0000000100000000)
 ParOldGen       total 102912K, used 45274K [0x00000000c0000000, 0x00000000c6480000, 0x00000000eab00000)
  object space 102912K, 43% used [0x00000000c0000000,0x00000000c2c36a88,0x00000000c6480000)
 Metaspace       used 15369K, capacity 16028K, committed 16128K, reserved 1062912K
  class space    used 1801K, capacity 1974K, committed 2048K, reserved 1048576K
Event: 10.243 GC heap after
Heap after GC invocations=15 (full 1):
 PSYoungGen      total 328192K, used 7200K [0x00000000eab00000, 0x0000000100000000, 0x0000000100000000)
  eden space 307200K, 0% used [0x00000000eab00000,0x00000000eab00000,0x00000000fd700000)
  from space 20992K, 34% used [0x00000000feb80000,0x00000000ff288000,0x0000000100000000)
  to   space 20992K, 0% used [0x00000000fd700000,0x00000000fd700000,0x00000000feb80000)
 ParOldGen       total 102912K, used 52063K [0x00000000c0000000, 0x00000000c6480000, 0x00000000eab00000)
  object space 102912K, 50% used [0x00000000c0000000,0x00000000c32d7e58,0x00000000c6480000)
 Metaspace       used 15369K, capacity 16028K, committed 16128K, reserved 1062912K
  class space    used 1801K, capacity 1974K, committed 2048K, reserved 1048576K
}
Event: 11.233 GC heap before
{Heap before GC invocations=16 (full 1):
 PSYoungGen      total 328192K, used 314400K [0x00000000eab00000, 0x0000000100000000, 0x0000000100000000)
  eden space 307200K, 100% used [0x00000000eab00000,0x00000000fd700000,0x00000000fd700000)
  from space 20992K, 34% used [0x00000000feb80000,0x00000000ff288000,0x0000000100000000)
  to   space 20992K, 0% used [0x00000000fd700000,0x00000000fd700000,0x00000000feb80000)
 ParOldGen       total 102912K, used 52063K [0x00000000c0000000, 0x00000000c6480000, 0x00000000eab00000)
  object space 102912K, 50% used [0x00000000c0000000,0x00000000c32d7e58,0x00000000c6480000)
 Metaspace       used 15377K, capacity 16028K, committed 16128K, reserved 1062912K
  class space    used 1801K, capacity 1974K, committed 2048K, reserved 1048576K
Event: 11.283 GC heap after
Heap after GC invocations=16 (full 1):
 PSYoungGen      total 328192K, used 7088K [0x00000000eab00000, 0x0000000100000000, 0x0000000100000000)
  eden space 307200K, 0% used [0x00000000eab00000,0x00000000eab00000,0x00000000fd700000)
  from space 20992K, 33% used [0x00000000fd700000,0x00000000fddec020,0x00000000feb80000)
  to   space 20992K, 0% used [0x00000000feb80000,0x00000000feb80000,0x0000000100000000)
 ParOldGen       total 102912K, used 59159K [0x00000000c0000000, 0x00000000c6480000, 0x00000000eab00000)
  object space 102912K, 57% used [0x00000000c0000000,0x00000000c39c5c30,0x00000000c6480000)
 Metaspace       used 15377K, capacity 16028K, committed 16128K, reserved 1062912K
  class space    used 1801K, capacity 1974K, committed 2048K, reserved 1048576K
}
Event: 13.699 GC heap before
{Heap before GC invocations=17 (full 1):
 PSYoungGen      total 328192K, used 314288K [0x00000000eab00000, 0x0000000100000000, 0x0000000100000000)
  eden space 307200K, 100% used [0x00000000eab00000,0x00000000fd700000,0x00000000fd700000)
  from space 20992K, 33% used [0x00000000fd700000,0x00000000fddec020,0x00000000feb80000)
  to   space 20992K, 0% used [0x00000000feb80000,0x00000000feb80000,0x0000000100000000)
 ParOldGen       total 102912K, used 59159K [0x00000000c0000000, 0x00000000c6480000, 0x00000000eab00000)
  object space 102912K, 57% used [0x00000000c0000000,0x00000000c39c5c30,0x00000000c6480000)
 Metaspace       used 16489K, capacity 17268K, committed 17536K, reserved 1064960K
  class space    used 1926K, capacity 2094K, committed 2176K, reserved 1048576K
Event: 13.735 GC heap after
Heap after GC invocations=17 (full 1):
 PSYoungGen      total 324096K, used 19666K [0x00000000eab00000, 0x0000000100000000, 0x0000000100000000)
  eden space 303104K, 0% used [0x00000000eab00000,0x00000000eab00000,0x00000000fd300000)
  from space 20992K, 93% used [0x00000000feb80000,0x00000000ffeb4ae8,0x0000000100000000)
  to   space 23040K, 0% used [0x00000000fd300000,0x00000000fd300000,0x00000000fe980000)
 ParOldGen       total 102912K, used 66135K [0x00000000c0000000, 0x00000000c6480000, 0x00000000eab00000)
  object space 102912K, 64% used [0x00000000c0000000,0x00000000c4095c50,0x00000000c6480000)
 Metaspace       used 16489K, capacity 17268K, committed 17536K, reserved 1064960K
  class space    used 1926K, capacity 2094K, committed 2176K, reserved 1048576K
}

Deoptimization events (10 events):
Event: 8.165 Thread 0x0000000017323800 Uncommon trap: reason=bimorphic action=maybe_recompile pc=0x0000000002d41e1c method=com.android.tools.r8.ir.code.k0.a(Lcom/android/tools/r8/ir/analysis/type/TypeLatticeElement;)Lcom/android/tools/r8/ir/code/k0; @ 29
Event: 8.308 Thread 0x0000000017323800 Uncommon trap: reason=unstable_if action=reinterpret pc=0x00000000033406bc method=java.util.Arrays.equals([Ljava/lang/Object;[Ljava/lang/Object;)Z @ 65
Event: 8.308 Thread 0x0000000017323800 Uncommon trap: reason=unstable_if action=reinterpret pc=0x00000000032386d0 method=java.util.Arrays.equals([Ljava/lang/Object;[Ljava/lang/Object;)Z @ 65
Event: 8.679 Thread 0x0000000017326000 Uncommon trap: reason=bimorphic action=maybe_recompile pc=0x0000000003081604 method=java.util.HashMap.putVal(ILjava/lang/Object;Ljava/lang/Object;ZZ)Ljava/lang/Object; @ 203
Event: 8.679 Thread 0x0000000017326000 Uncommon trap: reason=bimorphic action=maybe_recompile pc=0x0000000003081604 method=java.util.HashMap.putVal(ILjava/lang/Object;Ljava/lang/Object;ZZ)Ljava/lang/Object; @ 203
Event: 8.921 Thread 0x0000000017326000 Uncommon trap: reason=unstable_if action=reinterpret pc=0x0000000003393294 method=java.util.HashMap.getNode(ILjava/lang/Object;)Ljava/util/HashMap$Node; @ 84
Event: 10.638 Thread 0x0000000017323800 Uncommon trap: reason=unstable_if action=reinterpret pc=0x0000000003aebfb4 method=com.android.tools.r8.ir.conversion.N.b(Lcom/android/tools/r8/t/a/a/G/a;)Z @ 39
Event: 10.828 Thread 0x0000000017323800 Uncommon trap: reason=unstable_if action=reinterpret pc=0x0000000003aa057c method=com.android.tools.r8.ir.optimize.z.a(Lcom/android/tools/r8/ir/code/Instruction;)Z @ 153
Event: 12.907 Thread 0x0000000002a6e800 Uncommon trap: reason=class_check action=maybe_recompile pc=0x00000000031cafc8 method=java.util.TreeMap.compare(Ljava/lang/Object;Ljava/lang/Object;)I @ 26
Event: 12.907 Thread 0x0000000002a6e800 Uncommon trap: reason=predicate action=maybe_recompile pc=0x00000000031cafa4 method=java.util.TreeMap.put(Ljava/lang/Object;Ljava/lang/Object;)Ljava/lang/Object; @ 58

Classes redefined (0 events):
No events

Internal exceptions (10 events):
Event: 0.680 Thread 0x0000000002a6e800 Implicit null exception at 0x0000000002de117c to 0x0000000002de1b31
Event: 0.699 Thread 0x0000000002a6e800 Implicit null exception at 0x0000000002dede25 to 0x0000000002dee491
Event: 0.700 Thread 0x0000000002a6e800 Implicit null exception at 0x0000000002dd36f8 to 0x0000000002dd3bbd
Event: 1.042 Thread 0x0000000017323800 Implicit null exception at 0x0000000002f43034 to 0x0000000002f43651
Event: 1.042 Thread 0x0000000017326000 Implicit null exception at 0x0000000002eecb57 to 0x0000000002eecd51
Event: 1.404 Thread 0x0000000017326000 Implicit null exception at 0x0000000002fdf2e4 to 0x0000000002fe0791
Event: 1.498 Thread 0x0000000017323800 Exception <a 'java/lang/NoSuchMethodError': java.lang.Object.lambda$comparingInt$7b0bb60$1(Ljava/util/function/ToIntFunction;Ljava/lang/Object;Ljava/lang/Object;)I> (0x00000000ee60bb90) thrown at [D:\j\worksp~1\openjd~3\jdk8u\hotspot\src\share\vm\interpre
Event: 1.500 Thread 0x0000000017323800 Exception <a 'java/lang/NoSuchMethodError': java.lang.Object.lambda$maxBy$1(Ljava/util/Comparator;Ljava/lang/Object;Ljava/lang/Object;)Ljava/lang/Object;> (0x00000000ee617c18) thrown at [D:\j\worksp~1\openjd~3\jdk8u\hotspot\src\share\vm\interpreter\linkRe
Event: 1.562 Thread 0x0000000017326000 Implicit null exception at 0x0000000002fc91ac to 0x0000000002fc93e9
Event: 12.443 Thread 0x0000000002a6e800 Exception <a 'java/lang/NoSuchMethodError': java.lang.Object.lambda$comparing$77a9974f$1(Ljava/util/function/Function;Ljava/lang/Object;Ljava/lang/Object;)I> (0x00000000f87285b0) thrown at [D:\j\worksp~1\openjd~3\jdk8u\hotspot\src\share\vm\interpreter\lin

Events (10 events):
Event: 13.745 loading class com/android/tools/r8/graph/DexCode
Event: 13.745 loading class com/android/tools/r8/graph/DexCode done
Event: 13.745 loading class com/android/tools/r8/graph/DexCode
Event: 13.745 loading class com/android/tools/r8/graph/DexCode done
Event: 13.745 loading class com/android/tools/r8/dex/c
Event: 13.745 loading class com/android/tools/r8/dex/c done
Event: 13.745 loading class java/nio/ByteBufferAsShortBufferL
Event: 13.746 loading class java/nio/ShortBuffer
Event: 13.746 loading class java/nio/ShortBuffer done
Event: 13.746 loading class java/nio/ByteBufferAsShortBufferL done


Dynamic libraries:
0x00007ff7b22b0000 - 0x00007ff7b22e5000 	C:\Program Files\Android\Jdk\microsoft_dist_openjdk_1.8.0.25\bin\java.exe
0x00007ffa92960000 - 0x00007ffa92b41000 	C:\WINDOWS\SYSTEM32\ntdll.dll
0x00007ffa91780000 - 0x00007ffa91831000 	C:\WINDOWS\System32\KERNEL32.DLL
0x00007ffa8f160000 - 0x00007ffa8f3d3000 	C:\WINDOWS\System32\KERNELBASE.dll
0x00007ffa91c20000 - 0x00007ffa91cc1000 	C:\WINDOWS\System32\ADVAPI32.dll
0x00007ffa92110000 - 0x00007ffa921ae000 	C:\WINDOWS\System32\msvcrt.dll
0x00007ffa927a0000 - 0x00007ffa927fb000 	C:\WINDOWS\System32\sechost.dll
0x00007ffa92800000 - 0x00007ffa92924000 	C:\WINDOWS\System32\RPCRT4.dll
0x00007ffa91a90000 - 0x00007ffa91c20000 	C:\WINDOWS\System32\USER32.dll
0x00007ffa8f140000 - 0x00007ffa8f160000 	C:\WINDOWS\System32\win32u.dll
0x00007ffa92230000 - 0x00007ffa92258000 	C:\WINDOWS\System32\GDI32.dll
0x00007ffa8edd0000 - 0x00007ffa8ef61000 	C:\WINDOWS\System32\gdi32full.dll
0x00007ffa8ef70000 - 0x00007ffa8f00f000 	C:\WINDOWS\System32\msvcp_win.dll
0x00007ffa8f3e0000 - 0x00007ffa8f4d8000 	C:\WINDOWS\System32\ucrtbase.dll
0x00007ffa78ab0000 - 0x00007ffa78d19000 	C:\WINDOWS\WinSxS\amd64_microsoft.windows.common-controls_6595b64144ccf1df_6.0.17134.1304_none_d3fbe61b7c93d9f0\COMCTL32.dll
0x00007ffa92400000 - 0x00007ffa92721000 	C:\WINDOWS\System32\combase.dll
0x00007ffa8f0c0000 - 0x00007ffa8f139000 	C:\WINDOWS\System32\bcryptPrimitives.dll
0x00007ffa916b0000 - 0x00007ffa916dd000 	C:\WINDOWS\System32\IMM32.DLL
0x0000000071960000 - 0x0000000071a31000 	C:\Program Files\Android\Jdk\microsoft_dist_openjdk_1.8.0.25\jre\bin\msvcr100.dll
0x0000000071110000 - 0x0000000071955000 	C:\Program Files\Android\Jdk\microsoft_dist_openjdk_1.8.0.25\jre\bin\server\jvm.dll
0x00007ffa92220000 - 0x00007ffa92228000 	C:\WINDOWS\System32\PSAPI.DLL
0x00007ffa80c40000 - 0x00007ffa80c49000 	C:\WINDOWS\SYSTEM32\WSOCK32.dll
0x00007ffa7d920000 - 0x00007ffa7d92a000 	C:\WINDOWS\SYSTEM32\VERSION.dll
0x00007ffa777e0000 - 0x00007ffa77803000 	C:\WINDOWS\SYSTEM32\WINMM.dll
0x00007ffa921b0000 - 0x00007ffa9221c000 	C:\WINDOWS\System32\WS2_32.dll
0x00007ffa77650000 - 0x00007ffa7767a000 	C:\WINDOWS\SYSTEM32\winmmbase.dll
0x00007ffa8ed20000 - 0x00007ffa8ed69000 	C:\WINDOWS\System32\cfgmgr32.dll
0x00007ffa85f40000 - 0x00007ffa85f4f000 	C:\Program Files\Android\Jdk\microsoft_dist_openjdk_1.8.0.25\jre\bin\verify.dll
0x00007ffa843f0000 - 0x00007ffa84419000 	C:\Program Files\Android\Jdk\microsoft_dist_openjdk_1.8.0.25\jre\bin\java.dll
0x00007ffa85ec0000 - 0x00007ffa85ed6000 	C:\Program Files\Android\Jdk\microsoft_dist_openjdk_1.8.0.25\jre\bin\zip.dll
0x00007ffa90230000 - 0x00007ffa91675000 	C:\WINDOWS\System32\SHELL32.dll
0x00007ffa92000000 - 0x00007ffa920a9000 	C:\WINDOWS\System32\shcore.dll
0x00007ffa8f6d0000 - 0x00007ffa8fde0000 	C:\WINDOWS\System32\windows.storage.dll
0x00007ffa920b0000 - 0x00007ffa92101000 	C:\WINDOWS\System32\shlwapi.dll
0x00007ffa8ed00000 - 0x00007ffa8ed11000 	C:\WINDOWS\System32\kernel.appcore.dll
0x00007ffa8ece0000 - 0x00007ffa8ecff000 	C:\WINDOWS\System32\profapi.dll
0x00007ffa8ec90000 - 0x00007ffa8ecdc000 	C:\WINDOWS\System32\powrprof.dll
0x00007ffa8ec80000 - 0x00007ffa8ec8a000 	C:\WINDOWS\System32\FLTLIB.DLL
0x00007ffa85740000 - 0x00007ffa8575a000 	C:\Program Files\Android\jdk\microsoft_dist_openjdk_1.8.0.25\jre\bin\net.dll
0x00007ffa8e4e0000 - 0x00007ffa8e546000 	C:\WINDOWS\system32\mswsock.dll
0x00007ffa7e620000 - 0x00007ffa7e631000 	C:\Program Files\Android\jdk\microsoft_dist_openjdk_1.8.0.25\jre\bin\nio.dll

VM Arguments:
jvm_args: -Xmx1G 
java_command: com.android.tools.r8.D8 --release --min-api 21 --output obj\Release\90\android\bin --lib C:\Program Files (x86)\Android\android-sdk\platforms\android-28\android.jar obj\Release\90\android\bin\classes.zip C:\Program Files (x86)\Microsoft Visual Studio\2019\Professional\Common7\IDE\ReferenceAssemblies\Microsoft\Framework\MonoAndroid\v9.0\mono.android.jar C:\Program Files (x86)\Microsoft Visual Studio\2019\Professional\MSBuild\Xamarin\Android\\java_runtime.jar obj\Release\90\lp\1\jl\formsviewgroup.jar obj\Release\90\lp\10\jl\com.android.support.support-annotations.jar obj\Release\90\lp\11\jl\bin\classes.jar obj\Release\90\lp\12\jl\com.android.support.collections.jar obj\Release\90\lp\13\jl\bin\classes.jar obj\Release\90\lp\14\jl\bin\classes.jar obj\Release\90\lp\15\jl\bin\classes.jar obj\Release\90\lp\16\jl\bin\classes.jar obj\Release\90\lp\17\jl\bin\classes.jar obj\Release\90\lp\18\jl\bin\classes.jar obj\Release\90\lp\19\jl\bin\classes.jar obj\Release\90\lp\2\jl\android.arch.core.common.jar obj\Release\90\lp\20\jl\bin\classes.jar obj\Release\90\lp\21\jl\bin\classes.jar obj\Release\90\lp\22\jl\bin\classes.jar obj\Release\90\lp\23\jl\bin\classes.jar obj\Release\90\lp\24\jl\bin\classes.jar obj\Release\90\lp\25\jl\bin\classes.jar obj\Release\90\lp\26\jl\bin\classes.jar obj\Release\90\lp\27\jl\bin\classes.jar obj\Release\90\lp\28\jl\bin\classes.jar obj\Release\90\lp\29\jl\bin\classes.jar obj\Release\90\lp\3\jl\bin\classes.jar obj\Release\90\lp\30\jl\bin\classes.jar obj\Release\90\lp\31\jl\bin\classes.jar obj\Release\90\lp\33\jl\bin\classes.jar obj\Release\90\lp\34\jl\bin\classes.jar obj\Release\90\lp\35\jl\bin\classes.jar obj\Release\90\lp\36\jl\bin\classes.jar obj\Release\90\lp\37\jl\bin\classes.jar obj\Release\90\lp\38\jl\bin\classes.jar obj\Release\90\lp\4\jl\android.arch.lifecycle.common.jar obj\Release\90\lp\5\jl\bin\classes.jar obj\Release\90\lp\6\jl\bin\classes.jar obj\Release\90\lp\7\jl\bin\classes.jar obj\Release\90\lp\8\jl\bin\classes.jar obj\Rele
java_class_path (initial): C:\Program Files (x86)\Microsoft Visual Studio\2019\Professional\MSBuild\Xamarin\Android\r8.jar
Launcher Type: SUN_STANDARD

Environment Variables:
PATH=c:\program files (x86)\microsoft visual studio\2019\professional\common7\ide\commonextensions\microsoft\teamfoundation\team explorer\NativeBinaries\x86;C:\Program Files\Android\Jdk\microsoft_dist_openjdk_1.8.0.25\bin;C:\Program Files (x86)\Common Files\Intel\Shared Libraries\redist\intel64\compiler;C:\Program Files (x86)\Common Files\Intel\Shared Libraries\redist\ia32\compiler;C:\WINDOWS\system32;C:\WINDOWS;C:\WINDOWS\System32\Wbem;C:\WINDOWS\System32\WindowsPowerShell\v1.0\;C:\Program Files\Microsoft SQL Server\120\Tools\Binn\;C:\Program Files\Microsoft SQL Server\130\Tools\Binn\;C:\Program Files (x86)\Microsoft Emulator Manager\1.0\;C:\Program Files\Microsoft\Web Platform Installer\;C:\Program Files (x86)\Microsoft SQL Server\Client SDK\ODBC\130\Tools\Binn\;C:\Program Files (x86)\Microsoft SQL Server\130\Tools\Binn\;C:\Program Files (x86)\Microsoft SQL Server\130\DTS\Binn\;C:\Program Files (x86)\Microsoft SQL Server\130\Tools\Binn\ManagementStudio\;C:\Program Files (x86)\Microsoft ASP.NET\ASP.NET Web Pages\v1.0\;C:\Program Files\dotnet\;C:\Program Files\Microsoft Windows Performance Toolkit\;C:\WINDOWS\System32\OpenSSH\;C:\Program Files\nodejs\;C:\Program Files (x86)\Microsoft VS Code\bin;C:\Program Files\Git\cmd;C:\Program Files\Microsoft SQL Server\Client SDK\ODBC\170\Tools\Binn\;C:\Users\bpatil\AppData\Local\Microsoft\WindowsApps;C:\Users\bpatil\AppData\Local\Microsoft\WindowsApps;C:\Users\bpatil\AppData\Local\Programs\Fiddler;C:\Users\bpatil\AppData\Roaming\npm;C:\Users\bpatil\.dotnet\tools;C:\Users\bpatil\AppData\Local\GitHubDesktop\bin
USERNAME=bpatil
OS=Windows_NT
PROCESSOR_IDENTIFIER=Intel64 Family 6 Model 78 Stepping 3, GenuineIntel



---------------  S Y S T E M  ---------------

OS: Windows 10.0 , 64 bit Build 17134 (10.0.17134.753)

CPU:total 4 (initial active 4) (2 cores per cpu, 2 threads per core) family 6 model 78 stepping 3, cmov, cx8, fxsr, mmx, sse, sse2, sse3, ssse3, sse4.1, sse4.2, popcnt, avx, avx2, aes, clmul, erms, rtm, 3dnowpref, lzcnt, ht, tsc, tscinvbit, bmi1, bmi2, adx

Memory: 4k page, physical 8312112k(418224k free), swap 12506416k(9668k free)

vm_info: OpenJDK 64-Bit Server VM (25.71-b00) for windows-amd64 JRE (1.8.0-25-microsoft-b00), built on Feb  7 2019 20:09:14 by "builder" with MS VC++ 10.0 (VS2010)

time: Thu Apr 30 10:46:02 2020
timezone: AUS Eastern Standard Time
elapsed time: 13 seconds (0d 0h 0m 13s)

