#
# There is insufficient memory for the Java Runtime Environment to continue.
# Native memory allocation (malloc) failed to allocate 227056 bytes for Chunk::new
# Possible reasons:
#   The system is out of physical RAM or swap space
#   The process is running with CompressedOops enabled, and the Java Heap may be blocking the growth of the native heap
# Possible solutions:
#   Reduce memory load on the system
#   Increase physical memory or swap space
#   Check if swap backing store is full
#   Decrease Java heap size (-Xmx/-Xms)
#   Decrease number of Java threads
#   Decrease Java thread stack sizes (-Xss)
#   Set larger code cache with -XX:ReservedCodeCacheSize=
#   JVM is running with Unscaled Compressed Oops mode in which the Java heap is
#     placed in the first 4GB address space. The Java Heap base address is the
#     maximum limit for the native heap growth. Please use -XX:HeapBaseMinAddress
#     to set the Java Heap base and to place the Java Heap above 4GB virtual address.
# This output file may be truncated or incomplete.
#
#  Out of Memory Error (allocation.cpp:389), pid=14612, tid=0x0000000000002944
#
# JRE version: OpenJDK Runtime Environment (8.0) (build 1.8.0-25-microsoft-b00)
# Java VM: OpenJDK 64-Bit Server VM (25.71-b00 mixed mode windows-amd64 compressed oops)
# Failed to write core dump. Minidumps are not enabled by default on client versions of Windows
#

---------------  T H R E A D  ---------------

Current thread (0x00000000156f4800):  JavaThread "C2 CompilerThread1" daemon [_thread_in_native, id=10564, stack(0x0000000016e30000,0x0000000016f30000)]

Stack: [0x0000000016e30000,0x0000000016f30000]
[error occurred during error reporting (printing stack bounds), id 0xc0000005]

Native frames: (J=compiled Java code, j=interpreted, Vv=VM code, C=native code)


Current CompileTask:
C2:   2389 2154       4       com.android.tools.r8.graph.A::c (740 bytes)


---------------  P R O C E S S  ---------------

Java Threads: ( => current thread )
  0x0000000017902000 JavaThread "ForkJoinPool-1-worker-0" daemon [_thread_in_native, id=14828, stack(0x0000000017f30000,0x0000000018030000)]
  0x0000000017901000 JavaThread "ForkJoinPool-1-worker-1" daemon [_thread_blocked, id=3492, stack(0x0000000017e30000,0x0000000017f30000)]
  0x0000000017058800 JavaThread "Service Thread" daemon [_thread_blocked, id=9560, stack(0x0000000017430000,0x0000000017530000)]
  0x00000000156fb800 JavaThread "C1 CompilerThread2" daemon [_thread_in_native, id=11428, stack(0x0000000016f30000,0x0000000017030000)]
=>0x00000000156f4800 JavaThread "C2 CompilerThread1" daemon [_thread_in_native, id=10564, stack(0x0000000016e30000,0x0000000016f30000)]
  0x00000000156f1800 JavaThread "C2 CompilerThread0" daemon [_thread_in_native, id=10792, stack(0x0000000016d30000,0x0000000016e30000)]
  0x00000000156f0000 JavaThread "Attach Listener" daemon [_thread_blocked, id=12864, stack(0x0000000016c30000,0x0000000016d30000)]
  0x00000000156ee800 JavaThread "Signal Dispatcher" daemon [_thread_blocked, id=204, stack(0x0000000016b30000,0x0000000016c30000)]
  0x000000000301b800 JavaThread "Finalizer" daemon [_thread_blocked, id=11208, stack(0x0000000016940000,0x0000000016a40000)]
  0x00000000156d9000 JavaThread "Reference Handler" daemon [_thread_blocked, id=11328, stack(0x0000000016840000,0x0000000016940000)]
  0x0000000002dfe800 JavaThread "main" [_thread_blocked, id=14360, stack(0x0000000002e00000,0x0000000002f00000)]

Other Threads:
  0x00000000156b5800 VMThread [stack: 0x0000000016740000,0x0000000016840000] [id=12468]
  0x000000001574d000 WatcherThread [stack: 0x0000000017530000,0x0000000017630000] [id=14532]

VM state:not at safepoint (normal execution)

VM Mutex/Monitor currently owned by a thread: None

heap address: 0x00000000c0000000, size: 1024 MB, Compressed Oops mode: 32-bit
Narrow klass base: 0x0000000000000000, Narrow klass shift: 3
Compressed class space size: 1073741824 Address: 0x0000000100000000

Heap:
 PSYoungGen      total 71680K, used 22861K [0x00000000eab00000, 0x00000000f5c00000, 0x0000000100000000)
  eden space 66560K, 26% used [0x00000000eab00000,0x00000000ebc57450,0x00000000eec00000)
  from space 5120K, 99% used [0x00000000eec00000,0x00000000ef0fc040,0x00000000ef100000)
  to   space 24064K, 0% used [0x00000000f4480000,0x00000000f4480000,0x00000000f5c00000)
 ParOldGen       total 87552K, used 48023K [0x00000000c0000000, 0x00000000c5580000, 0x00000000eab00000)
  object space 87552K, 54% used [0x00000000c0000000,0x00000000c2ee5f68,0x00000000c5580000)
 Metaspace       used 13091K, capacity 13670K, committed 13952K, reserved 1060864K
  class space    used 1660K, capacity 1823K, committed 1920K, reserved 1048576K

Card table byte_map: [0x00000000123e0000,0x00000000125f0000] byte_map_base: 0x0000000011de0000

Marking Bits: (ParMarkBitMap*) 0x00000000600e8f30
 Begin Bits: [0x0000000012b50000, 0x0000000013b50000)
 End Bits:   [0x0000000013b50000, 0x0000000014b50000)

Polling page: 0x0000000000f50000

CodeCache: size=245760Kb used=7144Kb max_used=7144Kb free=238615Kb
 bounds [0x0000000003020000, 0x0000000003720000, 0x0000000012020000]
 total_blobs=2585 nmethods=2242 adapters=256
 compilation: enabled

Compilation events (10 events):
Event: 2.387 Thread 0x00000000156fb800 nmethod 2257 0x0000000003718fd0 code [0x00000000037191a0, 0x0000000003719978]
Event: 2.387 Thread 0x00000000156fb800 2253       3       com.android.tools.r8.ir.regalloc.LinearScanRegisterAllocator::e (65 bytes)
Event: 2.387 Thread 0x00000000156fb800 nmethod 2253 0x0000000003719c10 code [0x0000000003719e00, 0x000000000371a658]
Event: 2.387 Thread 0x00000000156fb800 2258       3       com.android.tools.r8.ir.code.k::o0 (2 bytes)
Event: 2.387 Thread 0x00000000156fb800 nmethod 2258 0x000000000371a910 code [0x000000000371aa60, 0x000000000371abb0]
Event: 2.387 Thread 0x00000000156fb800 2259       3       com.android.tools.r8.ir.code.Instruction::outType (8 bytes)
Event: 2.387 Thread 0x00000000156fb800 nmethod 2259 0x000000000371ac50 code [0x000000000371adc0, 0x000000000371afe8]
Event: 2.387 Thread 0x00000000156fb800 2254       3       com.android.tools.r8.ir.regalloc.LinearScanRegisterAllocator::b (78 bytes)
Event: 2.388 Thread 0x00000000156fb800 nmethod 2254 0x000000000371b090 code [0x000000000371b2e0, 0x000000000371c138]
Event: 2.388 Thread 0x00000000156fb800 2260       3       com.android.tools.r8.ir.conversion.I::d (13 bytes)

GC Heap History (10 events):
Event: 1.025 GC heap before
{Heap before GC invocations=1 (full 0):
 PSYoungGen      total 38400K, used 33280K [0x00000000eab00000, 0x00000000ed580000, 0x0000000100000000)
  eden space 33280K, 100% used [0x00000000eab00000,0x00000000ecb80000,0x00000000ecb80000)
  from space 5120K, 0% used [0x00000000ed080000,0x00000000ed080000,0x00000000ed580000)
  to   space 5120K, 0% used [0x00000000ecb80000,0x00000000ecb80000,0x00000000ed080000)
 ParOldGen       total 87552K, used 0K [0x00000000c0000000, 0x00000000c5580000, 0x00000000eab00000)
  object space 87552K, 0% used [0x00000000c0000000,0x00000000c0000000,0x00000000c5580000)
 Metaspace       used 7536K, capacity 7736K, committed 7936K, reserved 1056768K
  class space    used 846K, capacity 914K, committed 1024K, reserved 1048576K
Event: 1.032 GC heap after
Heap after GC invocations=1 (full 0):
 PSYoungGen      total 38400K, used 5105K [0x00000000eab00000, 0x00000000ed580000, 0x0000000100000000)
  eden space 33280K, 0% used [0x00000000eab00000,0x00000000eab00000,0x00000000ecb80000)
  from space 5120K, 99% used [0x00000000ecb80000,0x00000000ed07c5a0,0x00000000ed080000)
  to   space 5120K, 0% used [0x00000000ed080000,0x00000000ed080000,0x00000000ed580000)
 ParOldGen       total 87552K, used 893K [0x00000000c0000000, 0x00000000c5580000, 0x00000000eab00000)
  object space 87552K, 1% used [0x00000000c0000000,0x00000000c00df7b0,0x00000000c5580000)
 Metaspace       used 7536K, capacity 7736K, committed 7936K, reserved 1056768K
  class space    used 846K, capacity 914K, committed 1024K, reserved 1048576K
}
Event: 1.138 GC heap before
{Heap before GC invocations=2 (full 0):
 PSYoungGen      total 38400K, used 38385K [0x00000000eab00000, 0x00000000ed580000, 0x0000000100000000)
  eden space 33280K, 100% used [0x00000000eab00000,0x00000000ecb80000,0x00000000ecb80000)
  from space 5120K, 99% used [0x00000000ecb80000,0x00000000ed07c5a0,0x00000000ed080000)
  to   space 5120K, 0% used [0x00000000ed080000,0x00000000ed080000,0x00000000ed580000)
 ParOldGen       total 87552K, used 893K [0x00000000c0000000, 0x00000000c5580000, 0x00000000eab00000)
  object space 87552K, 1% used [0x00000000c0000000,0x00000000c00df7b0,0x00000000c5580000)
 Metaspace       used 7558K, capacity 7736K, committed 7936K, reserved 1056768K
  class space    used 846K, capacity 914K, committed 1024K, reserved 1048576K
Event: 1.152 GC heap after
Heap after GC invocations=2 (full 0):
 PSYoungGen      total 38400K, used 5096K [0x00000000eab00000, 0x00000000ef600000, 0x0000000100000000)
  eden space 33280K, 0% used [0x00000000eab00000,0x00000000eab00000,0x00000000ecb80000)
  from space 5120K, 99% used [0x00000000ed080000,0x00000000ed57a148,0x00000000ed580000)
  to   space 5120K, 0% used [0x00000000ecb80000,0x00000000ecb80000,0x00000000ed080000)
 ParOldGen       total 87552K, used 13103K [0x00000000c0000000, 0x00000000c5580000, 0x00000000eab00000)
  object space 87552K, 14% used [0x00000000c0000000,0x00000000c0ccbd50,0x00000000c5580000)
 Metaspace       used 7558K, capacity 7736K, committed 7936K, reserved 1056768K
  class space    used 846K, capacity 914K, committed 1024K, reserved 1048576K
}
Event: 1.403 GC heap before
{Heap before GC invocations=3 (full 0):
 PSYoungGen      total 38400K, used 38376K [0x00000000eab00000, 0x00000000ef600000, 0x0000000100000000)
  eden space 33280K, 100% used [0x00000000eab00000,0x00000000ecb80000,0x00000000ecb80000)
  from space 5120K, 99% used [0x00000000ed080000,0x00000000ed57a148,0x00000000ed580000)
  to   space 5120K, 0% used [0x00000000ecb80000,0x00000000ecb80000,0x00000000ed080000)
 ParOldGen       total 87552K, used 13103K [0x00000000c0000000, 0x00000000c5580000, 0x00000000eab00000)
  object space 87552K, 14% used [0x00000000c0000000,0x00000000c0ccbd50,0x00000000c5580000)
 Metaspace       used 8529K, capacity 8836K, committed 9088K, reserved 1056768K
  class space    used 946K, capacity 1036K, committed 1152K, reserved 1048576K
Event: 1.420 GC heap after
Heap after GC invocations=3 (full 0):
 PSYoungGen      total 38400K, used 5106K [0x00000000eab00000, 0x00000000ef600000, 0x0000000100000000)
  eden space 33280K, 0% used [0x00000000eab00000,0x00000000eab00000,0x00000000ecb80000)
  from space 5120K, 99% used [0x00000000ecb80000,0x00000000ed07c858,0x00000000ed080000)
  to   space 5120K, 0% used [0x00000000ef100000,0x00000000ef100000,0x00000000ef600000)
 ParOldGen       total 87552K, used 24034K [0x00000000c0000000, 0x00000000c5580000, 0x00000000eab00000)
  object space 87552K, 27% used [0x00000000c0000000,0x00000000c1778848,0x00000000c5580000)
 Metaspace       used 8529K, capacity 8836K, committed 9088K, reserved 1056768K
  class space    used 946K, capacity 1036K, committed 1152K, reserved 1048576K
}
Event: 1.546 GC heap before
{Heap before GC invocations=4 (full 0):
 PSYoungGen      total 38400K, used 38386K [0x00000000eab00000, 0x00000000ef600000, 0x0000000100000000)
  eden space 33280K, 100% used [0x00000000eab00000,0x00000000ecb80000,0x00000000ecb80000)
  from space 5120K, 99% used [0x00000000ecb80000,0x00000000ed07c858,0x00000000ed080000)
  to   space 5120K, 0% used [0x00000000ef100000,0x00000000ef100000,0x00000000ef600000)
 ParOldGen       total 87552K, used 24034K [0x00000000c0000000, 0x00000000c5580000, 0x00000000eab00000)
  object space 87552K, 27% used [0x00000000c0000000,0x00000000c1778848,0x00000000c5580000)
 Metaspace       used 8603K, capacity 8912K, committed 9088K, reserved 1056768K
  class space    used 948K, capacity 1036K, committed 1152K, reserved 1048576K
Event: 1.571 GC heap after
Heap after GC invocations=4 (full 0):
 PSYoungGen      total 71680K, used 5104K [0x00000000eab00000, 0x00000000ef600000, 0x0000000100000000)
  eden space 66560K, 0% used [0x00000000eab00000,0x00000000eab00000,0x00000000eec00000)
  from space 5120K, 99% used [0x00000000ef100000,0x00000000ef5fc040,0x00000000ef600000)
  to   space 5120K, 0% used [0x00000000eec00000,0x00000000eec00000,0x00000000ef100000)
 ParOldGen       total 87552K, used 32485K [0x00000000c0000000, 0x00000000c5580000, 0x00000000eab00000)
  object space 87552K, 37% used [0x00000000c0000000,0x00000000c1fb9798,0x00000000c5580000)
 Metaspace       used 8603K, capacity 8912K, committed 9088K, reserved 1056768K
  class space    used 948K, capacity 1036K, committed 1152K, reserved 1048576K
}
Event: 2.060 GC heap before
{Heap before GC invocations=5 (full 0):
 PSYoungGen      total 71680K, used 71664K [0x00000000eab00000, 0x00000000ef600000, 0x0000000100000000)
  eden space 66560K, 100% used [0x00000000eab00000,0x00000000eec00000,0x00000000eec00000)
  from space 5120K, 99% used [0x00000000ef100000,0x00000000ef5fc040,0x00000000ef600000)
  to   space 5120K, 0% used [0x00000000eec00000,0x00000000eec00000,0x00000000ef100000)
 ParOldGen       total 87552K, used 32485K [0x00000000c0000000, 0x00000000c5580000, 0x00000000eab00000)
  object space 87552K, 37% used [0x00000000c0000000,0x00000000c1fb9798,0x00000000c5580000)
 Metaspace       used 11759K, capacity 12296K, committed 12416K, reserved 1060864K
  class space    used 1478K, capacity 1638K, committed 1664K, reserved 1048576K
Event: 2.097 GC heap after
Heap after GC invocations=5 (full 0):
 PSYoungGen      total 71680K, used 5104K [0x00000000eab00000, 0x00000000f5c00000, 0x0000000100000000)
  eden space 66560K, 0% used [0x00000000eab00000,0x00000000eab00000,0x00000000eec00000)
  from space 5120K, 99% used [0x00000000eec00000,0x00000000ef0fc040,0x00000000ef100000)
  to   space 24064K, 0% used [0x00000000f4480000,0x00000000f4480000,0x00000000f5c00000)
 ParOldGen       total 87552K, used 48023K [0x00000000c0000000, 0x00000000c5580000, 0x00000000eab00000)
  object space 87552K, 54% used [0x00000000c0000000,0x00000000c2ee5f68,0x00000000c5580000)
 Metaspace       used 11759K, capacity 12296K, committed 12416K, reserved 1060864K
  class space    used 1478K, capacity 1638K, committed 1664K, reserved 1048576K
}

Deoptimization events (10 events):
Event: 1.911 Thread 0x0000000017902000 Uncommon trap: reason=unstable_if action=reinterpret pc=0x0000000003363910 method=java.util.HashMap.putVal(ILjava/lang/Object;Ljava/lang/Object;ZZ)Ljava/lang/Object; @ 181
Event: 1.924 Thread 0x0000000017901000 Uncommon trap: reason=unstable_if action=reinterpret pc=0x00000000033eb510 method=java.util.concurrent.ConcurrentHashMap.addCount(JI)V @ 209
Event: 1.945 Thread 0x0000000017902000 Uncommon trap: reason=speculate_class_check action=maybe_recompile pc=0x000000000336ca10 method=java.util.HashMap.putVal(ILjava/lang/Object;Ljava/lang/Object;ZZ)Ljava/lang/Object; @ 56
Event: 1.945 Thread 0x0000000017901000 Uncommon trap: reason=speculate_class_check action=maybe_recompile pc=0x000000000336ca10 method=java.util.HashMap.putVal(ILjava/lang/Object;Ljava/lang/Object;ZZ)Ljava/lang/Object; @ 56
Event: 1.945 Thread 0x0000000017902000 Uncommon trap: reason=speculate_class_check action=maybe_recompile pc=0x000000000336ca10 method=java.util.HashMap.putVal(ILjava/lang/Object;Ljava/lang/Object;ZZ)Ljava/lang/Object; @ 56
Event: 1.945 Thread 0x0000000017901000 Uncommon trap: reason=speculate_class_check action=maybe_recompile pc=0x000000000336ca10 method=java.util.HashMap.putVal(ILjava/lang/Object;Ljava/lang/Object;ZZ)Ljava/lang/Object; @ 56
Event: 2.038 Thread 0x0000000017901000 Uncommon trap: reason=unstable_if action=reinterpret pc=0x000000000345ab48 method=java.util.Arrays.hashCode([Ljava/lang/Object;)I @ 34
Event: 2.140 Thread 0x0000000017901000 Uncommon trap: reason=unstable_if action=reinterpret pc=0x0000000003197bac method=java.util.HashMap.getNode(ILjava/lang/Object;)Ljava/util/HashMap$Node; @ 62
Event: 2.325 Thread 0x0000000017902000 Uncommon trap: reason=unstable_if action=reinterpret pc=0x0000000003194c34 method=java.util.HashMap.getNode(ILjava/lang/Object;)Ljava/util/HashMap$Node; @ 62
Event: 2.374 Thread 0x0000000017902000 Uncommon trap: reason=class_check action=maybe_recompile pc=0x00000000036a8598 method=java.util.AbstractList.listIterator()Ljava/util/ListIterator; @ 2

Classes redefined (0 events):
No events

Internal exceptions (10 events):
Event: 0.977 Thread 0x0000000002dfe800 Exception <a 'java/security/PrivilegedActionException'> (0x00000000ec49b810) thrown at [D:\j\worksp~1\openjd~3\jdk8u\hotspot\src\share\vm\prims\jvm.cpp, line 1508]
Event: 0.977 Thread 0x0000000002dfe800 Exception <a 'java/security/PrivilegedActionException'> (0x00000000ec49ba20) thrown at [D:\j\worksp~1\openjd~3\jdk8u\hotspot\src\share\vm\prims\jvm.cpp, line 1508]
Event: 0.977 Thread 0x0000000002dfe800 Exception <a 'java/security/PrivilegedActionException'> (0x00000000ec49d160) thrown at [D:\j\worksp~1\openjd~3\jdk8u\hotspot\src\share\vm\prims\jvm.cpp, line 1508]
Event: 0.977 Thread 0x0000000002dfe800 Exception <a 'java/security/PrivilegedActionException'> (0x00000000ec49d370) thrown at [D:\j\worksp~1\openjd~3\jdk8u\hotspot\src\share\vm\prims\jvm.cpp, line 1508]
Event: 1.000 Thread 0x0000000002dfe800 Implicit null exception at 0x0000000003269ca5 to 0x000000000326a311
Event: 1.024 Thread 0x0000000002dfe800 Implicit null exception at 0x0000000003265c78 to 0x000000000326613d
Event: 1.944 Thread 0x0000000017902000 Exception <a 'java/lang/NoSuchMethodError': java.lang.Object.lambda$comparingInt$7b0bb60$1(Ljava/util/function/ToIntFunction;Ljava/lang/Object;Ljava/lang/Object;)I> (0x00000000ee93aed8) thrown at [D:\j\worksp~1\openjd~3\jdk8u\hotspot\src\share\vm\interpre
Event: 1.946 Thread 0x0000000017901000 Exception <a 'java/lang/NoSuchMethodError': java.lang.Object.lambda$maxBy$1(Ljava/util/Comparator;Ljava/lang/Object;Ljava/lang/Object;)Ljava/lang/Object;> (0x00000000ee8601f8) thrown at [D:\j\worksp~1\openjd~3\jdk8u\hotspot\src\share\vm\interpreter\linkRe
Event: 1.946 Thread 0x0000000017902000 Exception <a 'java/lang/NoSuchMethodError': java.lang.Object.lambda$maxBy$1(Ljava/util/Comparator;Ljava/lang/Object;Ljava/lang/Object;)Ljava/lang/Object;> (0x00000000ee946f60) thrown at [D:\j\worksp~1\openjd~3\jdk8u\hotspot\src\share\vm\interpreter\linkRe
Event: 2.038 Thread 0x0000000017901000 Implicit null exception at 0x000000000345a8ec to 0x000000000345ab29

Events (10 events):
Event: 2.384 loading class com/android/tools/r8/cf/c
Event: 2.384 loading class com/android/tools/r8/cf/c done
Event: 2.387 loading class com/android/tools/r8/m/a/a/b/D
Event: 2.387 loading class com/android/tools/r8/m/a/a/b/D done
Event: 2.387 loading class com/android/tools/r8/m/a/a/b/C
Event: 2.387 loading class com/android/tools/r8/m/a/a/b/C done
Event: 2.388 loading class com/android/tools/r8/m/a/a/a/I
Event: 2.388 loading class com/android/tools/r8/m/a/a/a/I done
Event: 2.388 loading class com/android/tools/r8/m/a/a/a/a
Event: 2.388 loading class com/android/tools/r8/m/a/a/a/a done


Dynamic libraries:
0x00007ff7e5070000 - 0x00007ff7e50a5000 	C:\Program Files\Android\Jdk\microsoft_dist_openjdk_1.8.0.25\bin\java.exe
0x00007ffc09420000 - 0x00007ffc09601000 	C:\WINDOWS\SYSTEM32\ntdll.dll
0x00007ffc07a40000 - 0x00007ffc07af1000 	C:\WINDOWS\System32\KERNEL32.DLL
0x00007ffc05f70000 - 0x00007ffc061e3000 	C:\WINDOWS\System32\KERNELBASE.dll
0x00007ffc07230000 - 0x00007ffc072d1000 	C:\WINDOWS\System32\ADVAPI32.dll
0x00007ffc06aa0000 - 0x00007ffc06b3e000 	C:\WINDOWS\System32\msvcrt.dll
0x00007ffc06bb0000 - 0x00007ffc06c0b000 	C:\WINDOWS\System32\sechost.dll
0x00007ffc07910000 - 0x00007ffc07a34000 	C:\WINDOWS\System32\RPCRT4.dll
0x00007ffc091b0000 - 0x00007ffc09340000 	C:\WINDOWS\System32\USER32.dll
0x00007ffc06830000 - 0x00007ffc06850000 	C:\WINDOWS\System32\win32u.dll
0x00007ffc09340000 - 0x00007ffc09368000 	C:\WINDOWS\System32\GDI32.dll
0x00007ffc06690000 - 0x00007ffc06821000 	C:\WINDOWS\System32\gdi32full.dll
0x00007ffc061f0000 - 0x00007ffc0628f000 	C:\WINDOWS\System32\msvcp_win.dll
0x00007ffc06340000 - 0x00007ffc06438000 	C:\WINDOWS\System32\ucrtbase.dll
0x00007ffbf4ff0000 - 0x00007ffbf5259000 	C:\WINDOWS\WinSxS\amd64_microsoft.windows.common-controls_6595b64144ccf1df_6.0.17134.1304_none_d3fbe61b7c93d9f0\COMCTL32.dll
0x00007ffc06e50000 - 0x00007ffc07171000 	C:\WINDOWS\System32\combase.dll
0x00007ffc05ef0000 - 0x00007ffc05f69000 	C:\WINDOWS\System32\bcryptPrimitives.dll
0x00007ffc06d90000 - 0x00007ffc06dbd000 	C:\WINDOWS\System32\IMM32.DLL
0x0000000060170000 - 0x0000000060241000 	C:\Program Files\Android\Jdk\microsoft_dist_openjdk_1.8.0.25\jre\bin\msvcr100.dll
0x000000005f920000 - 0x0000000060165000 	C:\Program Files\Android\Jdk\microsoft_dist_openjdk_1.8.0.25\jre\bin\server\jvm.dll
0x00007ffc06e40000 - 0x00007ffc06e48000 	C:\WINDOWS\System32\PSAPI.DLL
0x00007ffc03790000 - 0x00007ffc03799000 	C:\WINDOWS\SYSTEM32\WSOCK32.dll
0x00007ffc01f60000 - 0x00007ffc01f83000 	C:\WINDOWS\SYSTEM32\WINMM.dll
0x00007ffbf1ed0000 - 0x00007ffbf1eda000 	C:\WINDOWS\SYSTEM32\VERSION.dll
0x00007ffc06dc0000 - 0x00007ffc06e2c000 	C:\WINDOWS\System32\WS2_32.dll
0x00007ffc01f30000 - 0x00007ffc01f5a000 	C:\WINDOWS\SYSTEM32\winmmbase.dll
0x00007ffc06850000 - 0x00007ffc06899000 	C:\WINDOWS\System32\cfgmgr32.dll
0x00007ffbf4920000 - 0x00007ffbf492f000 	C:\Program Files\Android\Jdk\microsoft_dist_openjdk_1.8.0.25\jre\bin\verify.dll
0x00007ffbedd10000 - 0x00007ffbedd39000 	C:\Program Files\Android\Jdk\microsoft_dist_openjdk_1.8.0.25\jre\bin\java.dll
0x00007ffbf1480000 - 0x00007ffbf1496000 	C:\Program Files\Android\Jdk\microsoft_dist_openjdk_1.8.0.25\jre\bin\zip.dll
0x00007ffc07c70000 - 0x00007ffc090b5000 	C:\WINDOWS\System32\SHELL32.dll
0x00007ffc07180000 - 0x00007ffc07229000 	C:\WINDOWS\System32\shcore.dll
0x00007ffc057e0000 - 0x00007ffc05ef0000 	C:\WINDOWS\System32\windows.storage.dll
0x00007ffc068a0000 - 0x00007ffc068f1000 	C:\WINDOWS\System32\shlwapi.dll
0x00007ffc057c0000 - 0x00007ffc057d1000 	C:\WINDOWS\System32\kernel.appcore.dll
0x00007ffc057a0000 - 0x00007ffc057bf000 	C:\WINDOWS\System32\profapi.dll
0x00007ffc05730000 - 0x00007ffc0577c000 	C:\WINDOWS\System32\powrprof.dll
0x00007ffc05720000 - 0x00007ffc0572a000 	C:\WINDOWS\System32\FLTLIB.DLL
0x00007ffbeff50000 - 0x00007ffbeff6a000 	C:\Program Files\Android\jdk\microsoft_dist_openjdk_1.8.0.25\jre\bin\net.dll
0x00007ffc04fa0000 - 0x00007ffc05006000 	C:\WINDOWS\system32\mswsock.dll
0x00007ffbeeb70000 - 0x00007ffbeeb81000 	C:\Program Files\Android\jdk\microsoft_dist_openjdk_1.8.0.25\jre\bin\nio.dll

VM Arguments:
jvm_args: -Xmx1G 
java_command: com.android.tools.r8.D8 --debug --min-api 21 --output obj\Debug\90\android\bin --lib C:\Program Files (x86)\Android\android-sdk\platforms\android-28\android.jar obj\Debug\90\android\bin\classes.zip C:\Program Files (x86)\Microsoft Visual Studio\2019\Professional\Common7\IDE\ReferenceAssemblies\Microsoft\Framework\MonoAndroid\v9.0\mono.android.jar C:\Program Files (x86)\Microsoft Visual Studio\2019\Professional\MSBuild\Xamarin\Android\java_runtime_fastdev.jar obj\Debug\90\lp\0\jl\formsviewgroup.jar obj\Debug\90\lp\1\jl\android.arch.core.common.jar obj\Debug\90\lp\10\jl\bin\classes.jar obj\Debug\90\lp\11\jl\com.android.support.collections.jar obj\Debug\90\lp\12\jl\bin\classes.jar obj\Debug\90\lp\13\jl\bin\classes.jar obj\Debug\90\lp\14\jl\bin\classes.jar obj\Debug\90\lp\15\jl\bin\classes.jar obj\Debug\90\lp\16\jl\bin\classes.jar obj\Debug\90\lp\17\jl\bin\classes.jar obj\Debug\90\lp\18\jl\bin\classes.jar obj\Debug\90\lp\19\jl\bin\classes.jar obj\Debug\90\lp\2\jl\bin\classes.jar obj\Debug\90\lp\20\jl\bin\classes.jar obj\Debug\90\lp\21\jl\bin\classes.jar obj\Debug\90\lp\22\jl\bin\classes.jar obj\Debug\90\lp\23\jl\bin\classes.jar obj\Debug\90\lp\24\jl\bin\classes.jar obj\Debug\90\lp\25\jl\bin\classes.jar obj\Debug\90\lp\26\jl\bin\classes.jar obj\Debug\90\lp\27\jl\bin\classes.jar obj\Debug\90\lp\28\jl\bin\classes.jar obj\Debug\90\lp\29\jl\bin\classes.jar obj\Debug\90\lp\3\jl\android.arch.lifecycle.common.jar obj\Debug\90\lp\30\jl\bin\classes.jar obj\Debug\90\lp\32\jl\bin\classes.jar obj\Debug\90\lp\33\jl\bin\classes.jar obj\Debug\90\lp\34\jl\bin\classes.jar obj\Debug\90\lp\35\jl\bin\classes.jar obj\Debug\90\lp\36\jl\bin\classes.jar obj\Debug\90\lp\37\jl\bin\classes.jar obj\Debug\90\lp\4\jl\bin\classes.jar obj\Debug\90\lp\5\jl\bin\classes.jar obj\Debug\90\lp\6\jl\bin\classes.jar obj\Debug\90\lp\7\jl\bin\classes.jar obj\Debug\90\lp\8\jl\bin\classes.jar obj\Debug\90\lp\9\jl\com.android.support.support-annotations.jar
java_class_path (initial): C:\Program Files (x86)\Microsoft Visual Studio\2019\Professional\MSBuild\Xamarin\Android\r8.jar
Launcher Type: SUN_STANDARD

Environment Variables:
PATH=C:\Program Files\Android\Jdk\microsoft_dist_openjdk_1.8.0.25\bin;C:\Program Files (x86)\Common Files\Intel\Shared Libraries\redist\intel64\compiler;C:\Program Files (x86)\Common Files\Intel\Shared Libraries\redist\ia32\compiler;C:\WINDOWS\system32;C:\WINDOWS;C:\WINDOWS\System32\Wbem;C:\WINDOWS\System32\WindowsPowerShell\v1.0\;C:\Program Files\Microsoft SQL Server\120\Tools\Binn\;C:\Program Files\Microsoft SQL Server\130\Tools\Binn\;C:\Program Files (x86)\Microsoft Emulator Manager\1.0\;C:\Program Files\Microsoft\Web Platform Installer\;C:\Program Files (x86)\Microsoft SQL Server\Client SDK\ODBC\130\Tools\Binn\;C:\Program Files (x86)\Microsoft SQL Server\130\Tools\Binn\;C:\Program Files (x86)\Microsoft SQL Server\130\DTS\Binn\;C:\Program Files (x86)\Microsoft SQL Server\130\Tools\Binn\ManagementStudio\;C:\Program Files (x86)\Microsoft ASP.NET\ASP.NET Web Pages\v1.0\;C:\Program Files\dotnet\;C:\Program Files\Microsoft Windows Performance Toolkit\;C:\WINDOWS\System32\OpenSSH\;C:\Program Files\nodejs\;C:\Program Files (x86)\Microsoft VS Code\bin;C:\Program Files\Git\cmd;C:\Program Files\Microsoft SQL Server\Client SDK\ODBC\170\Tools\Binn\;C:\Users\bpatil\AppData\Local\Microsoft\WindowsApps;C:\Users\bpatil\AppData\Local\Microsoft\WindowsApps;C:\Program Files (x86)\Microsoft VS Code\bin;C:\Users\bpatil\AppData\Local\Programs\Fiddler;C:\Users\bpatil\AppData\Roaming\npm;C:\Users\bpatil\.dotnet\tools;C:\Users\bpatil\AppData\Local\GitHubDesktop\bin
USERNAME=bpatil
OS=Windows_NT
PROCESSOR_IDENTIFIER=Intel64 Family 6 Model 78 Stepping 3, GenuineIntel



---------------  S Y S T E M  ---------------

OS: Windows 10.0 , 64 bit Build 17134 (10.0.17134.753)

CPU:total 4 (initial active 4) (2 cores per cpu, 2 threads per core) family 6 model 78 stepping 3, cmov, cx8, fxsr, mmx, sse, sse2, sse3, ssse3, sse4.1, sse4.2, popcnt, avx, avx2, aes, clmul, erms, rtm, 3dnowpref, lzcnt, ht, tsc, tscinvbit, bmi1, bmi2, adx

Memory: 4k page, physical 8312112k(458768k free), swap 12506416k(4196k free)

vm_info: OpenJDK 64-Bit Server VM (25.71-b00) for windows-amd64 JRE (1.8.0-25-microsoft-b00), built on Feb  7 2019 20:09:14 by "builder" with MS VC++ 10.0 (VS2010)

time: Mon Apr 27 15:52:14 2020
timezone: AUS Eastern Standard Time
elapsed time: 2 seconds (0d 0h 0m 2s)

